2024-06-26 09:09:24.327 [info] Log level: Info
2024-06-26 09:09:24.327 [info] Validating found git in: "git"
2024-06-26 09:09:24.327 [info] Using git "2.43.0" from "git"
2024-06-26 09:09:24.327 [info] > git rev-parse --show-toplevel [34ms]
2024-06-26 09:09:24.327 [info] > git rev-parse --git-dir --git-common-dir [5ms]
2024-06-26 09:09:24.327 [info] Open repository: /root/kubespray
2024-06-26 09:09:24.329 [info] > git config --get commit.template [3ms]
2024-06-26 09:09:24.331 [info] > git rev-parse --show-toplevel [4ms]
2024-06-26 09:09:24.343 [info] > git for-each-ref --format %(refname) %(objectname) %(*objectname) refs/tags [9ms]
2024-06-26 09:09:24.347 [info] > git rev-parse --show-toplevel [10ms]
2024-06-26 09:09:24.356 [info] > git rev-parse --show-toplevel [5ms]
2024-06-26 09:09:24.361 [info] > git rev-parse --show-toplevel [3ms]
2024-06-26 09:09:24.364 [info] > git rev-parse --show-toplevel [2ms]
2024-06-26 09:09:24.367 [info] > git rev-parse --show-toplevel [1ms]
2024-06-26 09:09:24.369 [info] > git rev-parse --show-toplevel [1ms]
2024-06-26 09:09:24.372 [info] > git rev-parse --show-toplevel [1ms]
2024-06-26 09:09:24.374 [info] > git rev-parse --show-toplevel [1ms]
2024-06-26 09:09:24.377 [info] > git rev-parse --show-toplevel [1ms]
2024-06-26 09:09:24.380 [info] > git rev-parse --show-toplevel [2ms]
2024-06-26 09:09:24.380 [info] > git status -z -uall [34ms]
2024-06-26 09:09:24.390 [info] > git rev-parse --show-toplevel [2ms]
2024-06-26 09:09:24.395 [info] > git config --get commit.template [6ms]
2024-06-26 09:09:24.395 [info] > git rev-parse --show-toplevel [3ms]
2024-06-26 09:09:24.397 [info] > git for-each-ref --format %(refname) %(objectname) %(*objectname) refs/tags [3ms]
2024-06-26 09:09:24.399 [info] > git rev-parse --show-toplevel [2ms]
2024-06-26 09:09:24.403 [info] > git rev-parse --show-toplevel [3ms]
2024-06-26 09:09:24.434 [info] > git status -z -uall [35ms]
2024-06-26 09:09:24.743 [info] > git show --textconv :.pre-commit-config.yaml [6ms]
2024-06-26 09:09:24.748 [info] > git ls-files --stage -- /root/kubespray/.pre-commit-config.yaml [8ms]
2024-06-26 09:09:24.753 [info] > git cat-file -s b2d778634d46dc72e624093c9ec9c1967fb37250 [1ms]
2024-06-26 09:09:24.844 [info] > git check-ignore -v -z --stdin [2ms]
2024-06-26 09:10:06.976 [info] > git check-ignore -v -z --stdin [3ms]
2024-06-26 09:11:25.267 [info] > git show --textconv :.pre-commit-config.yaml [2ms]
2024-06-26 09:11:25.268 [info] > git ls-files --stage -- /root/kubespray/.pre-commit-config.yaml [2ms]
2024-06-26 09:11:25.270 [info] > git cat-file -s b2d778634d46dc72e624093c9ec9c1967fb37250 [1ms]
2024-06-26 09:11:27.552 [info] > git show --textconv :.pre-commit-config.yaml [1ms]
2024-06-26 09:11:27.554 [info] > git ls-files --stage -- /root/kubespray/.pre-commit-config.yaml [2ms]
2024-06-26 09:11:27.562 [info] > git cat-file -s b2d778634d46dc72e624093c9ec9c1967fb37250 [4ms]
