2024-06-26 09:43:54.340 [info] Log level: Info
2024-06-26 09:43:54.341 [info] Validating found git in: "git"
2024-06-26 09:43:54.341 [info] Using git "2.43.0" from "git"
2024-06-26 09:43:54.341 [info] > git rev-parse --show-toplevel [81ms]
2024-06-26 09:43:54.341 [info] fatal: not a git repository (or any of the parent directories): .git
2024-06-26 09:43:54.395 [info] > git rev-parse --show-toplevel [62ms]
2024-06-26 09:43:54.395 [info] fatal: not a git repository (or any of the parent directories): .git
2024-06-26 09:43:54.407 [info] > git rev-parse --show-toplevel [10ms]
2024-06-26 09:43:54.407 [info] fatal: not a git repository (or any of the parent directories): .git
2024-06-26 09:43:54.421 [info] > git rev-parse --show-toplevel [11ms]
2024-06-26 09:43:54.421 [info] fatal: not a git repository (or any of the parent directories): .git
2024-06-26 09:43:54.443 [info] > git rev-parse --show-toplevel [21ms]
2024-06-26 09:43:54.443 [info] fatal: not a git repository (or any of the parent directories): .git
2024-06-26 09:43:54.453 [info] > git rev-parse --show-toplevel [8ms]
2024-06-26 09:43:54.453 [info] fatal: not a git repository (or any of the parent directories): .git
2024-06-26 09:43:54.457 [info] > git rev-parse --show-toplevel [2ms]
2024-06-26 09:43:54.457 [info] fatal: not a git repository (or any of the parent directories): .git
2024-06-26 09:43:54.467 [info] > git rev-parse --show-toplevel [8ms]
2024-06-26 09:43:54.467 [info] fatal: not a git repository (or any of the parent directories): .git
2024-06-26 09:43:54.472 [info] > git rev-parse --show-toplevel [3ms]
2024-06-26 09:43:54.472 [info] fatal: not a git repository (or any of the parent directories): .git
2024-06-26 09:43:54.484 [info] > git rev-parse --show-toplevel [4ms]
2024-06-26 09:43:54.509 [info] > git rev-parse --git-dir --git-common-dir [15ms]
2024-06-26 09:43:54.519 [info] Open repository: /root/kubespray
2024-06-26 09:43:54.596 [info] > git config --get commit.template [73ms]
2024-06-26 09:43:54.609 [info] > git rev-parse --show-toplevel [65ms]
2024-06-26 09:43:54.640 [info] > git for-each-ref --format %(refname) %(objectname) %(*objectname) refs/tags [19ms]
2024-06-26 09:43:54.645 [info] > git rev-parse --git-dir --git-common-dir [9ms]
2024-06-26 09:43:54.652 [info] Open repository: /root/rook
2024-06-26 09:43:54.659 [info] > git config --get commit.template [3ms]
2024-06-26 09:43:54.681 [info] > git for-each-ref --format %(refname) %(objectname) %(*objectname) refs/tags [23ms]
2024-06-26 09:43:54.703 [info] > git status -z -uall [60ms]
2024-06-26 09:43:54.712 [info] > git config --get commit.template [3ms]
2024-06-26 09:43:54.713 [info] > git for-each-ref --format %(refname) %(objectname) %(*objectname) refs/tags [2ms]
2024-06-26 09:43:54.727 [info] > git status -z -uall [44ms]
2024-06-26 09:43:54.736 [info] > git config --get commit.template [3ms]
2024-06-26 09:43:54.738 [info] > git for-each-ref --format %(refname) %(objectname) %(*objectname) refs/tags [2ms]
2024-06-26 09:43:54.765 [info] > git status -z -uall [50ms]
2024-06-26 09:43:54.785 [info] > git status -z -uall [45ms]
2024-06-26 09:43:55.193 [info] > git check-ignore -v -z --stdin [8ms]
2024-06-26 09:43:55.193 [info] > git check-ignore -v -z --stdin [5ms]
