2024-06-26 09:41:34.494 [info] Log level: Info
2024-06-26 09:41:34.494 [info] Validating found git in: "git"
2024-06-26 09:41:34.494 [info] Using git "2.43.0" from "git"
2024-06-26 09:41:34.494 [info] > git rev-parse --show-toplevel [36ms]
2024-06-26 09:41:34.494 [info] fatal: not a git repository (or any of the parent directories): .git
2024-06-26 09:41:34.495 [info] > git rev-parse --show-toplevel [17ms]
2024-06-26 09:41:34.495 [info] fatal: not a git repository (or any of the parent directories): .git
2024-06-26 09:41:34.497 [info] > git rev-parse --show-toplevel [4ms]
2024-06-26 09:41:34.497 [info] fatal: not a git repository (or any of the parent directories): .git
2024-06-26 09:41:34.501 [info] > git rev-parse --show-toplevel [2ms]
2024-06-26 09:41:34.501 [info] fatal: not a git repository (or any of the parent directories): .git
2024-06-26 09:41:34.504 [info] > git rev-parse --show-toplevel [1ms]
2024-06-26 09:41:34.504 [info] fatal: not a git repository (or any of the parent directories): .git
2024-06-26 09:41:34.511 [info] > git rev-parse --show-toplevel [4ms]
2024-06-26 09:41:34.511 [info] fatal: not a git repository (or any of the parent directories): .git
2024-06-26 09:41:34.514 [info] > git rev-parse --show-toplevel [1ms]
2024-06-26 09:41:34.514 [info] fatal: not a git repository (or any of the parent directories): .git
2024-06-26 09:41:34.517 [info] > git rev-parse --show-toplevel [1ms]
2024-06-26 09:41:34.517 [info] fatal: not a git repository (or any of the parent directories): .git
2024-06-26 09:41:34.520 [info] > git rev-parse --show-toplevel [1ms]
2024-06-26 09:41:34.523 [info] > git rev-parse --git-dir --git-common-dir [1ms]
2024-06-26 09:41:34.532 [info] Open repository: /root/kubespray
2024-06-26 09:41:34.537 [info] > git config --get commit.template [2ms]
2024-06-26 09:41:34.538 [info] > git rev-parse --show-toplevel [2ms]
2024-06-26 09:41:34.543 [info] > git rev-parse --git-dir --git-common-dir [1ms]
2024-06-26 09:41:34.544 [info] Open repository: /root/rook
2024-06-26 09:41:34.549 [info] > git for-each-ref --format %(refname) %(objectname) %(*objectname) refs/tags [8ms]
2024-06-26 09:41:34.553 [info] > git config --get commit.template [5ms]
2024-06-26 09:41:34.559 [info] > git for-each-ref --format %(refname) %(objectname) %(*objectname) refs/tags [2ms]
2024-06-26 09:41:34.616 [info] > git status -z -uall [65ms]
2024-06-26 09:41:34.616 [info] > git status -z -uall [53ms]
2024-06-26 09:41:34.626 [info] > git config --get commit.template [2ms]
2024-06-26 09:41:34.627 [info] > git config --get commit.template [1ms]
2024-06-26 09:41:34.633 [info] > git for-each-ref --format %(refname) %(objectname) %(*objectname) refs/tags [4ms]
2024-06-26 09:41:34.636 [info] > git for-each-ref --format %(refname) %(objectname) %(*objectname) refs/tags [4ms]
2024-06-26 09:41:34.675 [info] > git status -z -uall [41ms]
2024-06-26 09:41:34.682 [info] > git status -z -uall [44ms]
2024-06-26 09:41:35.106 [info] > git check-ignore -v -z --stdin [3ms]
2024-06-26 09:41:35.106 [info] > git check-ignore -v -z --stdin [1ms]
