2024-06-26 10:41:14.401 [info] Log level: Info
2024-06-26 10:41:14.402 [info] Validating found git in: "git"
2024-06-26 10:41:14.402 [info] Using git "2.43.0" from "git"
2024-06-26 10:41:14.402 [info] > git rev-parse --show-toplevel [76ms]
2024-06-26 10:41:14.402 [info] fatal: not a git repository (or any of the parent directories): .git
2024-06-26 10:41:14.428 [info] > git rev-parse --show-toplevel [40ms]
2024-06-26 10:41:14.470 [info] > git rev-parse --git-dir --git-common-dir [37ms]
2024-06-26 10:41:14.509 [info] Open repository: /root/rook
2024-06-26 10:41:14.689 [info] > git config --get commit.template [46ms]
2024-06-26 10:41:14.691 [info] > git rev-parse --show-toplevel [43ms]
2024-06-26 10:41:14.691 [info] fatal: not a git repository (or any of the parent directories): .git
2024-06-26 10:41:14.747 [info] > git for-each-ref --format %(refname) %(objectname) %(*objectname) refs/tags [35ms]
2024-06-26 10:41:14.752 [info] > git rev-parse --show-toplevel [29ms]
2024-06-26 10:41:14.752 [info] fatal: not a git repository (or any of the parent directories): .git
2024-06-26 10:41:14.782 [info] > git rev-parse --show-toplevel [11ms]
2024-06-26 10:41:14.783 [info] fatal: not a git repository (or any of the parent directories): .git
2024-06-26 10:41:14.833 [info] > git rev-parse --show-toplevel [43ms]
2024-06-26 10:41:14.833 [info] fatal: not a git repository (or any of the parent directories): .git
2024-06-26 10:41:14.876 [info] > git rev-parse --show-toplevel [41ms]
2024-06-26 10:41:14.877 [info] fatal: not a git repository (or any of the parent directories): .git
2024-06-26 10:41:14.903 [info] > git rev-parse --show-toplevel [22ms]
2024-06-26 10:41:14.903 [info] fatal: not a git repository (or any of the parent directories): .git
2024-06-26 10:41:14.952 [info] > git status -z -uall [201ms]
2024-06-26 10:41:14.969 [info] > git rev-parse --show-toplevel [64ms]
2024-06-26 10:41:14.969 [info] fatal: not a git repository (or any of the parent directories): .git
2024-06-26 10:41:15.008 [info] > git config --get commit.template [40ms]
2024-06-26 10:41:15.124 [info] > git for-each-ref --format %(refname) %(objectname) %(*objectname) refs/tags [70ms]
2024-06-26 10:41:15.127 [info] > git rev-parse --show-toplevel [121ms]
2024-06-26 10:41:15.127 [info] fatal: not a git repository (or any of the parent directories): .git
2024-06-26 10:41:15.133 [info] > git rev-parse --show-toplevel [5ms]
2024-06-26 10:41:15.133 [info] fatal: not a git repository (or any of the parent directories): .git
2024-06-26 10:41:15.154 [info] > git rev-parse --show-toplevel [11ms]
2024-06-26 10:41:15.160 [info] > git rev-parse --git-dir --git-common-dir [1ms]
2024-06-26 10:41:15.164 [info] Open repository: /root/kubespray
2024-06-26 10:41:15.274 [info] > git status -z -uall [148ms]
2024-06-26 10:41:15.274 [info] > git check-ignore -v -z --stdin [99ms]
2024-06-26 10:41:15.389 [info] > git config --get commit.template [198ms]
2024-06-26 10:41:15.488 [info] > git for-each-ref --format %(refname) %(objectname) %(*objectname) refs/tags [47ms]
2024-06-26 10:41:15.885 [info] > git status -z -uall [389ms]
2024-06-26 10:41:15.885 [info] > git check-ignore -v -z --stdin [100ms]
2024-06-26 10:41:15.915 [info] > git show --textconv :deploy/examples/cluster.yaml [6ms]
2024-06-26 10:41:15.916 [info] > git config --get commit.template [21ms]
2024-06-26 10:41:15.920 [info] > git ls-files --stage -- /root/rook/deploy/examples/cluster.yaml [7ms]
2024-06-26 10:41:15.926 [info] > git cat-file -s 902577817d3e34e4a81478d501f7c6fac075195c [5ms]
2024-06-26 10:41:15.928 [info] > git for-each-ref --format %(refname) %(objectname) %(*objectname) refs/tags [3ms]
2024-06-26 10:41:15.963 [info] > git status -z -uall [33ms]
2024-06-26 10:46:51.086 [info] > git check-ignore -v -z --stdin [7ms]
2024-06-26 10:46:52.059 [info] > git show --textconv :deploy/examples/cluster-test.yaml [6ms]
2024-06-26 10:46:52.063 [info] > git ls-files --stage -- /root/rook/deploy/examples/cluster-test.yaml [3ms]
2024-06-26 10:46:52.068 [info] > git cat-file -s 2f088c5d57059a8be6ac84b5f8e6413a1b7cff04 [2ms]
2024-06-26 10:46:53.387 [info] > git show --textconv :deploy/examples/cluster-stretched-aws.yaml [5ms]
2024-06-26 10:46:53.389 [info] > git ls-files --stage -- /root/rook/deploy/examples/cluster-stretched-aws.yaml [3ms]
2024-06-26 10:46:53.393 [info] > git cat-file -s 3a6c773a3d5b3b670b8b7195cb43b35daeadf895 [2ms]
2024-06-26 10:46:54.456 [info] > git show --textconv :deploy/examples/common-external.yaml [6ms]
2024-06-26 10:46:54.458 [info] > git ls-files --stage -- /root/rook/deploy/examples/common-external.yaml [3ms]
2024-06-26 10:46:54.461 [info] > git cat-file -s 03e7192d9257cb5979a9bc074b86cfaea63759a1 [2ms]
2024-06-26 10:47:00.071 [info] > git show --textconv :deploy/examples/cluster-test.yaml [3ms]
2024-06-26 10:47:00.072 [info] > git ls-files --stage -- /root/rook/deploy/examples/cluster-test.yaml [2ms]
2024-06-26 10:47:00.076 [info] > git cat-file -s 2f088c5d57059a8be6ac84b5f8e6413a1b7cff04 [3ms]
2024-06-26 10:47:01.341 [info] > git show --textconv :deploy/examples/cluster-on-pvc.yaml [3ms]
2024-06-26 10:47:01.342 [info] > git ls-files --stage -- /root/rook/deploy/examples/cluster-on-pvc.yaml [2ms]
2024-06-26 10:47:01.345 [info] > git cat-file -s 9efaf587aa4d6a861f3e9d73b40eb0de60fbda19 [1ms]
2024-06-26 10:47:02.751 [info] > git show --textconv :deploy/examples/cluster-multus-test.yaml [10ms]
2024-06-26 10:47:02.755 [info] > git ls-files --stage -- /root/rook/deploy/examples/cluster-multus-test.yaml [6ms]
2024-06-26 10:47:02.766 [info] > git cat-file -s 21cb6dda2cb4e84a6f1df74d70938cbe53786145 [4ms]
2024-06-26 10:47:05.213 [info] > git show --textconv :deploy/examples/cluster-on-pvc.yaml [5ms]
2024-06-26 10:47:05.215 [info] > git ls-files --stage -- /root/rook/deploy/examples/cluster-on-pvc.yaml [3ms]
2024-06-26 10:47:05.220 [info] > git cat-file -s 9efaf587aa4d6a861f3e9d73b40eb0de60fbda19 [1ms]
2024-06-26 10:47:08.757 [info] > git show --textconv :deploy/examples/cluster.yaml [5ms]
2024-06-26 10:47:08.757 [info] > git ls-files --stage -- /root/rook/deploy/examples/cluster.yaml [4ms]
2024-06-26 10:47:08.762 [info] > git cat-file -s 902577817d3e34e4a81478d501f7c6fac075195c [2ms]
2024-06-26 10:47:24.185 [info] > git show --textconv :deploy/examples/cluster-multus-test.yaml [11ms]
2024-06-26 10:47:24.189 [info] > git ls-files --stage -- /root/rook/deploy/examples/cluster-multus-test.yaml [6ms]
2024-06-26 10:47:24.194 [info] > git cat-file -s 21cb6dda2cb4e84a6f1df74d70938cbe53786145 [2ms]
2024-06-26 10:47:29.305 [info] > git show --textconv :deploy/examples/cluster.yaml [7ms]
2024-06-26 10:47:29.309 [info] > git ls-files --stage -- /root/rook/deploy/examples/cluster.yaml [7ms]
2024-06-26 10:47:29.313 [info] > git cat-file -s 902577817d3e34e4a81478d501f7c6fac075195c [2ms]
2024-06-26 10:47:33.769 [info] > git show --textconv :deploy/examples/cluster-on-pvc.yaml [6ms]
2024-06-26 10:47:33.772 [info] > git ls-files --stage -- /root/rook/deploy/examples/cluster-on-pvc.yaml [5ms]
2024-06-26 10:47:33.774 [info] > git cat-file -s 9efaf587aa4d6a861f3e9d73b40eb0de60fbda19 [1ms]
2024-06-26 10:47:37.357 [info] > git show --textconv :deploy/examples/cluster-test.yaml [3ms]
2024-06-26 10:47:37.358 [info] > git ls-files --stage -- /root/rook/deploy/examples/cluster-test.yaml [2ms]
2024-06-26 10:47:37.362 [info] > git cat-file -s 2f088c5d57059a8be6ac84b5f8e6413a1b7cff04 [0ms]
2024-06-26 10:47:40.493 [info] > git show --textconv :deploy/examples/cluster-on-pvc.yaml [8ms]
2024-06-26 10:47:40.495 [info] > git ls-files --stage -- /root/rook/deploy/examples/cluster-on-pvc.yaml [4ms]
2024-06-26 10:47:40.498 [info] > git cat-file -s 9efaf587aa4d6a861f3e9d73b40eb0de60fbda19 [1ms]
2024-06-26 10:47:42.743 [info] > git show --textconv :deploy/examples/cluster.yaml [5ms]
2024-06-26 10:47:42.744 [info] > git ls-files --stage -- /root/rook/deploy/examples/cluster.yaml [2ms]
2024-06-26 10:47:42.748 [info] > git cat-file -s 902577817d3e34e4a81478d501f7c6fac075195c [2ms]
2024-06-26 10:47:55.482 [info] > git check-ignore -v -z --stdin [11ms]
2024-06-26 10:47:55.485 [info] > git check-ignore -v -z --stdin [6ms]
2024-06-26 10:47:56.490 [info] > git check-ignore -v -z --stdin [5ms]
2024-06-26 10:48:39.164 [info] > git show --textconv :deploy/examples/common-external.yaml [6ms]
2024-06-26 10:48:39.167 [info] > git ls-files --stage -- /root/rook/deploy/examples/common-external.yaml [6ms]
2024-06-26 10:48:39.175 [info] > git cat-file -s 03e7192d9257cb5979a9bc074b86cfaea63759a1 [4ms]
2024-06-26 10:48:42.330 [info] > git show --textconv :deploy/examples/cluster.yaml [6ms]
2024-06-26 10:48:42.331 [info] > git ls-files --stage -- /root/rook/deploy/examples/cluster.yaml [2ms]
2024-06-26 10:48:42.336 [info] > git cat-file -s 902577817d3e34e4a81478d501f7c6fac075195c [2ms]
2024-06-26 10:51:34.736 [info] > git show --textconv :deploy/examples/common-external.yaml [7ms]
2024-06-26 10:51:34.739 [info] > git ls-files --stage -- /root/rook/deploy/examples/common-external.yaml [4ms]
2024-06-26 10:51:34.742 [info] > git cat-file -s 03e7192d9257cb5979a9bc074b86cfaea63759a1 [1ms]
2024-06-26 10:51:36.597 [info] > git show --textconv :deploy/examples/cluster-test.yaml [3ms]
2024-06-26 10:51:36.598 [info] > git ls-files --stage -- /root/rook/deploy/examples/cluster-test.yaml [2ms]
2024-06-26 10:51:36.602 [info] > git cat-file -s 2f088c5d57059a8be6ac84b5f8e6413a1b7cff04 [2ms]
2024-06-26 10:51:37.245 [info] > git show --textconv :deploy/examples/cluster-on-pvc.yaml [2ms]
2024-06-26 10:51:37.249 [info] > git ls-files --stage -- /root/rook/deploy/examples/cluster-on-pvc.yaml [5ms]
2024-06-26 10:51:37.262 [info] > git cat-file -s 9efaf587aa4d6a861f3e9d73b40eb0de60fbda19 [3ms]
2024-06-26 10:51:37.941 [info] > git ls-files --stage -- /root/rook/deploy/examples/cluster-test.yaml [2ms]
2024-06-26 10:51:37.944 [info] > git show --textconv :deploy/examples/cluster-test.yaml [9ms]
2024-06-26 10:51:37.946 [info] > git cat-file -s 2f088c5d57059a8be6ac84b5f8e6413a1b7cff04 [2ms]
2024-06-26 10:51:46.084 [info] > git show --textconv :deploy/examples/common-external.yaml [7ms]
2024-06-26 10:51:46.087 [info] > git ls-files --stage -- /root/rook/deploy/examples/common-external.yaml [4ms]
2024-06-26 10:51:46.093 [info] > git cat-file -s 03e7192d9257cb5979a9bc074b86cfaea63759a1 [2ms]
2024-06-26 10:51:55.628 [info] > git show --textconv :deploy/examples/cluster-test.yaml [6ms]
2024-06-26 10:51:55.630 [info] > git ls-files --stage -- /root/rook/deploy/examples/cluster-test.yaml [2ms]
2024-06-26 10:51:55.636 [info] > git cat-file -s 2f088c5d57059a8be6ac84b5f8e6413a1b7cff04 [3ms]
2024-06-26 10:51:59.464 [info] > git show --textconv :deploy/examples/cluster.yaml [2ms]
2024-06-26 10:51:59.468 [info] > git ls-files --stage -- /root/rook/deploy/examples/cluster.yaml [3ms]
2024-06-26 10:51:59.472 [info] > git cat-file -s 902577817d3e34e4a81478d501f7c6fac075195c [1ms]
2024-06-26 10:57:40.672 [info] > git check-ignore -v -z --stdin [8ms]
2024-06-26 10:57:45.506 [info] > git check-ignore -v -z --stdin [4ms]
2024-06-26 10:57:50.657 [info] > git show --textconv :deploy/examples/cluster-test.yaml [5ms]
2024-06-26 10:57:50.658 [info] > git ls-files --stage -- /root/rook/deploy/examples/cluster-test.yaml [2ms]
2024-06-26 10:57:50.664 [info] > git cat-file -s 2f088c5d57059a8be6ac84b5f8e6413a1b7cff04 [4ms]
2024-06-26 10:57:52.535 [info] > git show --textconv :deploy/examples/cluster-on-pvc.yaml [4ms]
2024-06-26 10:57:52.539 [info] > git ls-files --stage -- /root/rook/deploy/examples/cluster-on-pvc.yaml [5ms]
2024-06-26 10:57:52.548 [info] > git cat-file -s 9efaf587aa4d6a861f3e9d73b40eb0de60fbda19 [5ms]
2024-06-26 10:57:54.041 [info] > git show --textconv :deploy/examples/cluster-multus-test.yaml [5ms]
2024-06-26 10:57:54.043 [info] > git ls-files --stage -- /root/rook/deploy/examples/cluster-multus-test.yaml [3ms]
2024-06-26 10:57:54.046 [info] > git cat-file -s 21cb6dda2cb4e84a6f1df74d70938cbe53786145 [1ms]
2024-06-26 10:59:26.504 [info] > git check-ignore -v -z --stdin [1ms]
2024-06-26 11:00:25.246 [info] > git rev-parse --show-toplevel [55ms]
2024-06-26 11:00:25.247 [info] fatal: not a git repository (or any of the parent directories): .git
2024-06-26 11:00:27.315 [info] > git rev-parse --show-toplevel [3ms]
2024-06-26 11:00:27.316 [info] fatal: not a git repository (or any of the parent directories): .git
2024-06-26 11:01:13.379 [info] > git rev-parse --show-toplevel [4ms]
2024-06-26 11:01:13.379 [info] fatal: not a git repository (or any of the parent directories): .git
2024-06-26 11:01:13.909 [info] > git rev-parse --show-toplevel [2ms]
2024-06-26 11:01:13.909 [info] fatal: not a git repository (or any of the parent directories): .git
2024-06-26 11:01:51.442 [info] > git rev-parse --show-toplevel [2ms]
2024-06-26 11:01:51.443 [info] fatal: not a git repository (or any of the parent directories): .git
2024-06-26 11:08:08.844 [info] > git rev-parse --show-toplevel [7ms]
2024-06-26 11:08:08.844 [info] fatal: not a git repository (or any of the parent directories): .git
2024-06-26 11:08:28.258 [info] > git rev-parse --show-toplevel [2ms]
2024-06-26 11:08:28.258 [info] fatal: not a git repository (or any of the parent directories): .git
2024-06-26 11:08:46.752 [info] > git rev-parse --show-toplevel [1ms]
2024-06-26 11:08:46.753 [info] fatal: not a git repository (or any of the parent directories): .git
2024-06-26 11:08:47.322 [info] > git rev-parse --show-toplevel [1ms]
2024-06-26 11:08:47.322 [info] fatal: not a git repository (or any of the parent directories): .git
2024-06-26 11:12:06.925 [info] > git rev-parse --show-toplevel [1ms]
2024-06-26 11:12:06.925 [info] fatal: not a git repository (or any of the parent directories): .git
2024-06-26 11:12:09.239 [info] > git rev-parse --show-toplevel [4ms]
2024-06-26 11:12:09.240 [info] fatal: not a git repository (or any of the parent directories): .git
2024-06-26 11:20:55.739 [info] > git rev-parse --show-toplevel [2ms]
2024-06-26 11:20:55.739 [info] fatal: not a git repository (or any of the parent directories): .git
2024-06-26 11:20:56.414 [info] > git rev-parse --show-toplevel [3ms]
2024-06-26 11:20:56.414 [info] fatal: not a git repository (or any of the parent directories): .git
2024-06-26 11:20:58.584 [info] > git rev-parse --show-toplevel [3ms]
2024-06-26 11:20:58.584 [info] fatal: not a git repository (or any of the parent directories): .git
2024-06-26 11:21:07.041 [info] > git rev-parse --show-toplevel [4ms]
2024-06-26 11:21:07.041 [info] fatal: not a git repository (or any of the parent directories): .git
2024-06-26 11:24:30.688 [info] > git rev-parse --show-toplevel [2ms]
2024-06-26 11:24:30.688 [info] fatal: not a git repository (or any of the parent directories): .git
2024-06-26 11:28:50.940 [info] > git check-ignore -v -z --stdin [6ms]
2024-06-26 11:28:57.416 [info] > git check-ignore -v -z --stdin [11ms]
2024-06-26 11:28:59.471 [info] > git check-ignore -v -z --stdin [12ms]
2024-06-26 11:29:01.240 [info] > git check-ignore -v -z --stdin [6ms]
2024-06-26 11:29:02.770 [info] > git check-ignore -v -z --stdin [4ms]
2024-06-26 11:29:06.382 [info] > git show --textconv :inventory/mycluster/group_vars/all/oci.yml [4ms]
2024-06-26 11:29:06.385 [info] > git ls-files --stage -- /root/kubespray/inventory/mycluster/group_vars/all/oci.yml [4ms]
2024-06-26 11:29:08.505 [info] > git show --textconv :inventory/mycluster/group_vars/all/hcloud.yml [2ms]
2024-06-26 11:29:08.507 [info] > git ls-files --stage -- /root/kubespray/inventory/mycluster/group_vars/all/hcloud.yml [3ms]
2024-06-26 11:29:12.586 [info] > git show --textconv :inventory/mycluster/group_vars/all/etcd.yml [5ms]
2024-06-26 11:29:12.589 [info] > git ls-files --stage -- /root/kubespray/inventory/mycluster/group_vars/all/etcd.yml [5ms]
2024-06-26 11:30:59.708 [info] > git ls-files --stage -- /root/kubespray/inventory/mycluster/group_vars/all/docker.yml [2ms]
2024-06-26 11:30:59.709 [info] > git show --textconv :inventory/mycluster/group_vars/all/docker.yml [6ms]
2024-06-26 11:31:00.302 [info] > git show --textconv :inventory/mycluster/group_vars/all/cri-o.yml [8ms]
2024-06-26 11:31:00.306 [info] > git ls-files --stage -- /root/kubespray/inventory/mycluster/group_vars/all/cri-o.yml [7ms]
2024-06-26 11:31:12.837 [info] > git show --textconv :inventory/mycluster/hosts.yaml [8ms]
2024-06-26 11:31:12.838 [info] > git ls-files --stage -- /root/kubespray/inventory/mycluster/hosts.yaml [4ms]
