2024-06-26 09:06:46.483 [info] Log level: Info
2024-06-26 09:06:46.483 [info] Validating found git in: "git"
2024-06-26 09:06:46.483 [info] Using git "2.43.0" from "git"
2024-06-26 09:06:46.483 [info] > git rev-parse --show-toplevel [26ms]
2024-06-26 09:06:46.484 [info] > git rev-parse --git-dir --git-common-dir [2ms]
2024-06-26 09:06:46.497 [info] Open repository: /root/kubespray
2024-06-26 09:06:46.505 [info] > git config --get commit.template [3ms]
2024-06-26 09:06:46.506 [info] > git rev-parse --show-toplevel [3ms]
2024-06-26 09:06:46.511 [info] > git for-each-ref --format %(refname) %(objectname) %(*objectname) refs/tags [2ms]
2024-06-26 09:06:46.514 [info] > git rev-parse --show-toplevel [4ms]
2024-06-26 09:06:46.517 [info] > git rev-parse --show-toplevel [1ms]
2024-06-26 09:06:46.519 [info] > git rev-parse --show-toplevel [1ms]
2024-06-26 09:06:46.522 [info] > git rev-parse --show-toplevel [1ms]
2024-06-26 09:06:46.524 [info] > git rev-parse --show-toplevel [1ms]
2024-06-26 09:06:46.526 [info] > git rev-parse --show-toplevel [1ms]
2024-06-26 09:06:46.529 [info] > git rev-parse --show-toplevel [1ms]
2024-06-26 09:06:46.532 [info] > git rev-parse --show-toplevel [1ms]
2024-06-26 09:06:46.550 [info] > git status -z -uall [36ms]
2024-06-26 09:06:46.553 [info] > git rev-parse --show-toplevel [19ms]
2024-06-26 09:06:46.568 [info] > git config --get commit.template [13ms]
2024-06-26 09:06:46.569 [info] > git rev-parse --show-toplevel [2ms]
2024-06-26 09:06:46.574 [info] > git for-each-ref --format %(refname) %(objectname) %(*objectname) refs/tags [2ms]
2024-06-26 09:06:46.576 [info] > git rev-parse --show-toplevel [3ms]
2024-06-26 09:06:46.581 [info] > git rev-parse --show-toplevel [4ms]
2024-06-26 09:06:46.588 [info] > git rev-parse --show-toplevel [1ms]
2024-06-26 09:06:46.591 [info] > git rev-parse --show-toplevel [1ms]
2024-06-26 09:06:46.610 [info] > git status -z -uall [34ms]
2024-06-26 09:06:50.108 [info] > git check-ignore -v -z --stdin [4ms]
2024-06-26 09:06:51.569 [info] > git ls-files --stage -- /root/kubespray/.ansible-lint [3ms]
2024-06-26 09:06:51.580 [info] > git show --textconv :.ansible-lint [16ms]
2024-06-26 09:06:51.580 [info] > git cat-file -s 18b85228d1edbf0eca83cdd4cbfec3439c15eef3 [9ms]
2024-06-26 09:06:53.170 [info] > git show --textconv :.pre-commit-config.yaml [4ms]
2024-06-26 09:06:53.170 [info] > git ls-files --stage -- /root/kubespray/.pre-commit-config.yaml [2ms]
2024-06-26 09:06:53.173 [info] > git cat-file -s b2d778634d46dc72e624093c9ec9c1967fb37250 [2ms]
