2024-06-26 10:02:07.689 [info] Log level: Info
2024-06-26 10:02:07.689 [info] Validating found git in: "git"
2024-06-26 10:02:07.689 [info] Using git "2.43.0" from "git"
2024-06-26 10:02:07.689 [info] > git rev-parse --show-toplevel [9ms]
2024-06-26 10:02:07.689 [info] fatal: not a git repository (or any of the parent directories): .git
2024-06-26 10:02:07.699 [info] > git rev-parse --show-toplevel [13ms]
2024-06-26 10:02:07.700 [info] fatal: not a git repository (or any of the parent directories): .git
2024-06-26 10:02:07.715 [info] > git rev-parse --show-toplevel [14ms]
2024-06-26 10:02:07.716 [info] fatal: not a git repository (or any of the parent directories): .git
2024-06-26 10:02:07.734 [info] > git rev-parse --show-toplevel [17ms]
2024-06-26 10:02:07.734 [info] fatal: not a git repository (or any of the parent directories): .git
2024-06-26 10:02:07.749 [info] > git rev-parse --show-toplevel [13ms]
2024-06-26 10:02:07.750 [info] fatal: not a git repository (or any of the parent directories): .git
2024-06-26 10:02:07.771 [info] > git rev-parse --show-toplevel [12ms]
2024-06-26 10:02:07.772 [info] fatal: not a git repository (or any of the parent directories): .git
2024-06-26 10:02:07.829 [info] > git rev-parse --show-toplevel [43ms]
2024-06-26 10:02:07.830 [info] fatal: not a git repository (or any of the parent directories): .git
2024-06-26 10:02:07.833 [info] > git rev-parse --show-toplevel [1ms]
2024-06-26 10:02:07.834 [info] fatal: not a git repository (or any of the parent directories): .git
2024-06-26 10:02:07.837 [info] > git rev-parse --show-toplevel [2ms]
2024-06-26 10:02:07.837 [info] fatal: not a git repository (or any of the parent directories): .git
2024-06-26 10:02:07.879 [info] > git rev-parse --show-toplevel [38ms]
2024-06-26 10:02:07.892 [info] > git rev-parse --git-dir --git-common-dir [2ms]
2024-06-26 10:02:07.902 [info] Open repository: /root/kubespray
2024-06-26 10:02:08.026 [info] > git config --get commit.template [84ms]
2024-06-26 10:02:08.028 [info] > git rev-parse --show-toplevel [79ms]
2024-06-26 10:02:08.067 [info] > git for-each-ref --format %(refname) %(objectname) %(*objectname) refs/tags [32ms]
2024-06-26 10:02:08.071 [info] > git rev-parse --git-dir --git-common-dir [16ms]
2024-06-26 10:02:08.079 [info] Open repository: /root/rook
2024-06-26 10:02:08.114 [info] > git config --get commit.template [21ms]
2024-06-26 10:02:08.121 [info] > git for-each-ref --format %(refname) %(objectname) %(*objectname) refs/tags [12ms]
2024-06-26 10:02:08.182 [info] > git status -z -uall [111ms]
2024-06-26 10:02:08.214 [info] > git config --get commit.template [17ms]
2024-06-26 10:02:08.373 [info] > git status -z -uall [246ms]
2024-06-26 10:02:08.373 [info] > git for-each-ref --format %(refname) %(objectname) %(*objectname) refs/tags [160ms]
2024-06-26 10:02:08.482 [info] > git status -z -uall [104ms]
2024-06-26 10:02:08.482 [info] > git config --get commit.template [5ms]
2024-06-26 10:02:08.482 [info] > git rev-parse --show-toplevel [7ms]
2024-06-26 10:02:08.482 [info] fatal: not a git repository (or any of the parent directories): .git
2024-06-26 10:02:08.514 [info] > git for-each-ref --format %(refname) %(objectname) %(*objectname) refs/tags [7ms]
2024-06-26 10:02:08.562 [info] > git status -z -uall [46ms]
2024-06-26 10:02:08.619 [info] > git check-ignore -v -z --stdin [4ms]
2024-06-26 10:02:08.620 [info] > git check-ignore -v -z --stdin [2ms]
2024-06-26 10:02:11.142 [info] > git check-ignore -v -z --stdin [9ms]
2024-06-26 10:02:31.051 [info] > git check-ignore -v -z --stdin [3ms]
2024-06-26 10:02:31.993 [info] > git ls-files --stage -- /root/rook/.vscode/extensions.json [9ms]
2024-06-26 10:02:31.997 [info] > git show --textconv :.vscode/extensions.json [14ms]
2024-06-26 10:02:31.998 [info] > git cat-file -s aaff61ab0b94d7f8eb725362346c3251113871aa [2ms]
2024-06-26 10:02:37.971 [info] > git show --textconv :.vscode/settings.json [4ms]
2024-06-26 10:02:38.004 [info] > git ls-files --stage -- /root/rook/.vscode/settings.json [34ms]
2024-06-26 10:02:38.008 [info] > git cat-file -s 5e689d22b49dc194c76cca31fe3e5d14b2210ddc [2ms]
2024-06-26 10:02:44.324 [info] > git check-ignore -v -z --stdin [3ms]
2024-06-26 10:02:48.697 [info] > git check-ignore -v -z --stdin [3ms]
2024-06-26 10:02:49.290 [info] > git check-ignore -v -z --stdin [3ms]
2024-06-26 10:02:51.146 [info] > git check-ignore -v -z --stdin [2ms]
2024-06-26 10:02:53.887 [info] > git check-ignore -v -z --stdin [3ms]
2024-06-26 10:02:54.894 [info] > git show --textconv :design/ceph/storage-class-device-set.md [17ms]
2024-06-26 10:02:54.895 [info] > git ls-files --stage -- /root/rook/design/ceph/storage-class-device-set.md [16ms]
2024-06-26 10:02:54.907 [info] > git cat-file -s 2f7a9f48ff29b64f2167da94926a6261a7fb10ac [8ms]
2024-06-26 10:02:57.772 [info] > git check-ignore -v -z --stdin [7ms]
2024-06-26 10:03:02.943 [info] > git check-ignore -v -z --stdin [16ms]
2024-06-26 10:03:21.488 [info] > git check-ignore -v -z --stdin [4ms]
2024-06-26 10:31:16.013 [info] > git rev-parse --show-toplevel [1ms]
2024-06-26 10:31:16.013 [info] fatal: not a git repository (or any of the parent directories): .git
2024-06-26 10:31:16.016 [info] > git rev-parse --show-toplevel [1ms]
2024-06-26 10:31:16.016 [info] fatal: not a git repository (or any of the parent directories): .git
2024-06-26 10:31:16.511 [info] > git check-ignore -v -z --stdin [4ms]
2024-06-26 10:35:16.218 [info] > git rev-parse --show-toplevel [4ms]
2024-06-26 10:35:16.218 [info] fatal: not a git repository (or any of the parent directories): .git
2024-06-26 10:35:27.905 [info] > git rev-parse --show-toplevel [2ms]
2024-06-26 10:35:27.905 [info] fatal: not a git repository (or any of the parent directories): .git
2024-06-26 10:35:28.401 [info] > git rev-parse --show-toplevel [2ms]
2024-06-26 10:35:28.401 [info] fatal: not a git repository (or any of the parent directories): .git
2024-06-26 10:35:30.913 [info] > git check-ignore -v -z --stdin [7ms]
2024-06-26 10:36:42.068 [info] > git check-ignore -v -z --stdin [3ms]
2024-06-26 10:36:43.218 [info] > git check-ignore -v -z --stdin [4ms]
2024-06-26 10:36:43.924 [info] > git show --textconv :deploy/examples/cluster-stretched.yaml [6ms]
2024-06-26 10:36:43.942 [info] > git ls-files --stage -- /root/rook/deploy/examples/cluster-stretched.yaml [21ms]
2024-06-26 10:36:43.956 [info] > git cat-file -s 220656a1fe0b8b4881ea099dee3f91d16f033a51 [12ms]
2024-06-26 10:36:45.339 [info] > git check-ignore -v -z --stdin [5ms]
2024-06-26 10:36:52.465 [info] > git rev-parse --show-toplevel [6ms]
2024-06-26 10:36:52.465 [info] fatal: not a git repository (or any of the parent directories): .git
2024-06-26 10:36:57.865 [info] > git ls-files --stage -- /root/rook/deploy/examples/cluster.yaml [5ms]
2024-06-26 10:36:57.877 [info] > git cat-file -s 902577817d3e34e4a81478d501f7c6fac075195c [4ms]
2024-06-26 10:36:57.878 [info] > git show --textconv :deploy/examples/cluster.yaml [24ms]
2024-06-26 10:37:25.708 [info] > git config --get commit.template [9ms]
2024-06-26 10:37:25.709 [info] > git for-each-ref --format %(refname) %(objectname) %(*objectname) refs/tags [2ms]
2024-06-26 10:37:25.797 [info] > git status -z -uall [86ms]
2024-06-26 10:38:20.752 [info] > git config --get commit.template [3ms]
2024-06-26 10:38:20.754 [info] > git for-each-ref --format %(refname) %(objectname) %(*objectname) refs/tags [2ms]
2024-06-26 10:38:20.830 [info] > git status -z -uall [70ms]
2024-06-26 10:38:25.847 [info] > git config --get commit.template [10ms]
2024-06-26 10:38:25.854 [info] > git for-each-ref --format %(refname) %(objectname) %(*objectname) refs/tags [8ms]
2024-06-26 10:38:25.910 [info] > git status -z -uall [51ms]
2024-06-26 10:38:37.751 [info] > git check-ignore -v -z --stdin [6ms]
