2024-06-26 09:43:21.581 [info] Log level: Info
2024-06-26 09:43:21.581 [info] Validating found git in: "git"
2024-06-26 09:43:21.581 [info] Using git "2.43.0" from "git"
2024-06-26 09:43:21.581 [info] > git rev-parse --show-toplevel [42ms]
2024-06-26 09:43:21.581 [info] > git rev-parse --git-dir --git-common-dir [1ms]
2024-06-26 09:43:21.588 [info] Open repository: /root/rook
2024-06-26 09:43:21.597 [info] > git config --get commit.template [6ms]
2024-06-26 09:43:21.624 [info] > git rev-parse --show-toplevel [30ms]
2024-06-26 09:43:21.648 [info] > git rev-parse --show-toplevel [17ms]
2024-06-26 09:43:21.649 [info] > git for-each-ref --format %(refname) %(objectname) %(*objectname) refs/tags [21ms]
2024-06-26 09:43:21.655 [info] > git rev-parse --show-toplevel [1ms]
2024-06-26 09:43:21.658 [info] > git rev-parse --show-toplevel [1ms]
2024-06-26 09:43:21.661 [info] > git rev-parse --show-toplevel [1ms]
2024-06-26 09:43:21.664 [info] > git rev-parse --show-toplevel [1ms]
2024-06-26 09:43:21.667 [info] > git rev-parse --show-toplevel [1ms]
2024-06-26 09:43:21.670 [info] > git rev-parse --show-toplevel [1ms]
2024-06-26 09:43:21.674 [info] > git rev-parse --show-toplevel [2ms]
2024-06-26 09:43:21.676 [info] > git rev-parse --show-toplevel [1ms]
2024-06-26 09:43:21.679 [info] > git rev-parse --show-toplevel [1ms]
2024-06-26 09:43:21.701 [info] > git status -z -uall [49ms]
2024-06-26 09:43:21.711 [info] > git config --get commit.template [3ms]
2024-06-26 09:43:21.714 [info] > git for-each-ref --format %(refname) %(objectname) %(*objectname) refs/tags [3ms]
2024-06-26 09:43:21.787 [info] > git status -z -uall [72ms]
2024-06-26 09:43:22.107 [info] > git check-ignore -v -z --stdin [2ms]
