2024-06-26 09:07:48.989 [info] Log level: Info
2024-06-26 09:07:48.989 [info] Validating found git in: "git"
2024-06-26 09:07:48.989 [info] Using git "2.43.0" from "git"
2024-06-26 09:07:49.032 [info] > git rev-parse --show-toplevel [46ms]
2024-06-26 09:07:49.046 [info] > git rev-parse --git-dir --git-common-dir [0ms]
2024-06-26 09:07:49.054 [info] Open repository: /root/rook
2024-06-26 09:07:49.062 [info] > git config --get commit.template [3ms]
2024-06-26 09:07:49.063 [info] > git rev-parse --show-toplevel [2ms]
2024-06-26 09:07:49.070 [info] > git rev-parse --show-toplevel [3ms]
2024-06-26 09:07:49.073 [info] > git rev-parse --show-toplevel [1ms]
2024-06-26 09:07:49.091 [info] > git rev-parse --show-toplevel [17ms]
2024-06-26 09:07:49.105 [info] > git rev-parse --show-toplevel [12ms]
2024-06-26 09:07:49.108 [info] > git rev-parse --show-toplevel [1ms]
2024-06-26 09:07:49.111 [info] > git rev-parse --show-toplevel [1ms]
2024-06-26 09:07:49.114 [info] > git rev-parse --show-toplevel [1ms]
2024-06-26 09:07:49.126 [info] > git rev-parse --show-toplevel [1ms]
2024-06-26 09:07:49.129 [info] > git rev-parse --show-toplevel [1ms]
2024-06-26 09:07:49.132 [info] > git rev-parse --show-toplevel [1ms]
2024-06-26 09:07:49.277 [info] > git for-each-ref --format %(refname) %(objectname) %(*objectname) refs/tags [212ms]
2024-06-26 09:07:49.609 [info] > git check-ignore -v -z --stdin [14ms]
2024-06-26 09:07:49.979 [info] > git status -z -uall [699ms]
2024-06-26 09:07:49.998 [info] > git config --get commit.template [4ms]
2024-06-26 09:07:50.000 [info] > git for-each-ref --format %(refname) %(objectname) %(*objectname) refs/tags [2ms]
2024-06-26 09:07:50.053 [info] > git status -z -uall [50ms]
2024-06-26 09:08:07.745 [info] > git check-ignore -v -z --stdin [4ms]
