2024-06-26 09:03:05.559 [info] Extension host with pid 2747 started
2024-06-26 09:03:05.573 [info] Lock '/root/.vscode-server/data/User/workspaceStorage/ee617a55bf4ed47eebab33090dd41ba0/vscode.lock': Lock acquired.
2024-06-26 09:03:05.600 [info] ExtensionService#_doActivateExtension vscode.git-base, startup: true, activationEvent: '*'
2024-06-26 09:03:05.616 [info] ExtensionService#_doActivateExtension vscode.github, startup: true, activationEvent: '*'
2024-06-26 09:03:05.699 [info] Eager extensions activated
2024-06-26 09:03:05.700 [info] ExtensionService#_doActivateExtension vscode.debug-auto-launch, startup: false, activationEvent: 'onStartupFinished'
2024-06-26 09:03:05.700 [info] ExtensionService#_doActivateExtension vscode.merge-conflict, startup: false, activationEvent: 'onStartupFinished'
2024-06-26 09:03:07.607 [info] ExtensionService#_doActivateExtension vscode.git, startup: false, activationEvent: 'api', root cause: vscode.github
2024-06-26 09:03:07.877 [info] ExtensionService#_doActivateExtension vscode.emmet, startup: false, activationEvent: 'onLanguage'
2024-06-26 09:03:09.021 [info] ExtensionService#_doActivateExtension vscode.json-language-features, startup: false, activationEvent: 'onLanguage:jsonc'
2024-06-26 09:03:09.021 [info] ExtensionService#_doActivateExtension vscode.typescript-language-features, startup: false, activationEvent: 'onLanguage:jsonc'
2024-06-26 09:04:50.311 [error] Error: Git error
	at ChildProcess.<anonymous> (/root/.vscode-server/cli/servers/Stable-89de5a8d4d6205e5b11647eb6a74844ca23d2573/server/extensions/git/dist/main.js:2:1022609)
	at ChildProcess.emit (node:events:530:35)
	at ChildProcess._handle.onexit (node:internal/child_process:294:12)
2024-06-26 09:04:50.311 [error] Error: Git error
	at ChildProcess.<anonymous> (/root/.vscode-server/cli/servers/Stable-89de5a8d4d6205e5b11647eb6a74844ca23d2573/server/extensions/git/dist/main.js:2:1022609)
	at ChildProcess.emit (node:events:530:35)
	at ChildProcess._handle.onexit (node:internal/child_process:294:12)
2024-06-26 09:04:50.311 [error] Error: Git error
	at ChildProcess.<anonymous> (/root/.vscode-server/cli/servers/Stable-89de5a8d4d6205e5b11647eb6a74844ca23d2573/server/extensions/git/dist/main.js:2:1022609)
	at ChildProcess.emit (node:events:530:35)
	at ChildProcess._handle.onexit (node:internal/child_process:294:12)
2024-06-26 09:04:50.311 [error] Error: Git error
	at ChildProcess.<anonymous> (/root/.vscode-server/cli/servers/Stable-89de5a8d4d6205e5b11647eb6a74844ca23d2573/server/extensions/git/dist/main.js:2:1022609)
	at ChildProcess.emit (node:events:530:35)
	at ChildProcess._handle.onexit (node:internal/child_process:294:12)
2024-06-26 09:04:50.311 [error] Error: Git error
	at ChildProcess.<anonymous> (/root/.vscode-server/cli/servers/Stable-89de5a8d4d6205e5b11647eb6a74844ca23d2573/server/extensions/git/dist/main.js:2:1022609)
	at ChildProcess.emit (node:events:530:35)
	at ChildProcess._handle.onexit (node:internal/child_process:294:12)
2024-06-26 09:04:50.311 [error] Error: Git error
	at ChildProcess.<anonymous> (/root/.vscode-server/cli/servers/Stable-89de5a8d4d6205e5b11647eb6a74844ca23d2573/server/extensions/git/dist/main.js:2:1022609)
	at ChildProcess.emit (node:events:530:35)
	at ChildProcess._handle.onexit (node:internal/child_process:294:12)
2024-06-26 09:04:50.311 [error] Error: Git error
	at ChildProcess.<anonymous> (/root/.vscode-server/cli/servers/Stable-89de5a8d4d6205e5b11647eb6a74844ca23d2573/server/extensions/git/dist/main.js:2:1022609)
	at ChildProcess.emit (node:events:530:35)
	at ChildProcess._handle.onexit (node:internal/child_process:294:12)
2024-06-26 09:04:50.311 [error] Error: Git error
	at ChildProcess.<anonymous> (/root/.vscode-server/cli/servers/Stable-89de5a8d4d6205e5b11647eb6a74844ca23d2573/server/extensions/git/dist/main.js:2:1022609)
	at ChildProcess.emit (node:events:530:35)
	at ChildProcess._handle.onexit (node:internal/child_process:294:12)
2024-06-26 09:04:50.312 [error] Error: Git error
	at ChildProcess.<anonymous> (/root/.vscode-server/cli/servers/Stable-89de5a8d4d6205e5b11647eb6a74844ca23d2573/server/extensions/git/dist/main.js:2:1022609)
	at ChildProcess.emit (node:events:530:35)
	at ChildProcess._handle.onexit (node:internal/child_process:294:12)
2024-06-26 09:04:50.312 [error] Error: Git error
	at ChildProcess.<anonymous> (/root/.vscode-server/cli/servers/Stable-89de5a8d4d6205e5b11647eb6a74844ca23d2573/server/extensions/git/dist/main.js:2:1022609)
	at ChildProcess.emit (node:events:530:35)
	at ChildProcess._handle.onexit (node:internal/child_process:294:12)
2024-06-26 09:04:50.312 [error] Error: Git error
	at ChildProcess.<anonymous> (/root/.vscode-server/cli/servers/Stable-89de5a8d4d6205e5b11647eb6a74844ca23d2573/server/extensions/git/dist/main.js:2:1022609)
	at ChildProcess.emit (node:events:530:35)
	at ChildProcess._handle.onexit (node:internal/child_process:294:12)
2024-06-26 09:04:50.312 [error] Error: Git error
	at ChildProcess.<anonymous> (/root/.vscode-server/cli/servers/Stable-89de5a8d4d6205e5b11647eb6a74844ca23d2573/server/extensions/git/dist/main.js:2:1022609)
	at ChildProcess.emit (node:events:530:35)
	at ChildProcess._handle.onexit (node:internal/child_process:294:12)
2024-06-26 09:04:50.312 [error] Error: Git error
	at ChildProcess.<anonymous> (/root/.vscode-server/cli/servers/Stable-89de5a8d4d6205e5b11647eb6a74844ca23d2573/server/extensions/git/dist/main.js:2:1022609)
	at ChildProcess.emit (node:events:530:35)
	at ChildProcess._handle.onexit (node:internal/child_process:294:12)
2024-06-26 09:04:50.312 [error] Error: Git error
	at ChildProcess.<anonymous> (/root/.vscode-server/cli/servers/Stable-89de5a8d4d6205e5b11647eb6a74844ca23d2573/server/extensions/git/dist/main.js:2:1022609)
	at ChildProcess.emit (node:events:530:35)
	at ChildProcess._handle.onexit (node:internal/child_process:294:12)
2024-06-26 09:04:50.312 [error] Error: Git error
	at ChildProcess.<anonymous> (/root/.vscode-server/cli/servers/Stable-89de5a8d4d6205e5b11647eb6a74844ca23d2573/server/extensions/git/dist/main.js:2:1022609)
	at ChildProcess.emit (node:events:530:35)
	at ChildProcess._handle.onexit (node:internal/child_process:294:12)
2024-06-26 09:04:50.312 [error] Error: Git error
	at ChildProcess.<anonymous> (/root/.vscode-server/cli/servers/Stable-89de5a8d4d6205e5b11647eb6a74844ca23d2573/server/extensions/git/dist/main.js:2:1022609)
	at ChildProcess.emit (node:events:530:35)
	at ChildProcess._handle.onexit (node:internal/child_process:294:12)
2024-06-26 09:04:50.312 [error] Error: Git error
	at ChildProcess.<anonymous> (/root/.vscode-server/cli/servers/Stable-89de5a8d4d6205e5b11647eb6a74844ca23d2573/server/extensions/git/dist/main.js:2:1022609)
	at ChildProcess.emit (node:events:530:35)
	at ChildProcess._handle.onexit (node:internal/child_process:294:12)
2024-06-26 09:04:50.312 [error] Error: Git error
	at ChildProcess.<anonymous> (/root/.vscode-server/cli/servers/Stable-89de5a8d4d6205e5b11647eb6a74844ca23d2573/server/extensions/git/dist/main.js:2:1022609)
	at ChildProcess.emit (node:events:530:35)
	at ChildProcess._handle.onexit (node:internal/child_process:294:12)
2024-06-26 09:04:50.312 [error] Error: Git error
	at ChildProcess.<anonymous> (/root/.vscode-server/cli/servers/Stable-89de5a8d4d6205e5b11647eb6a74844ca23d2573/server/extensions/git/dist/main.js:2:1022609)
	at ChildProcess.emit (node:events:530:35)
	at ChildProcess._handle.onexit (node:internal/child_process:294:12)
2024-06-26 09:04:50.312 [error] Error: Git error
	at ChildProcess.<anonymous> (/root/.vscode-server/cli/servers/Stable-89de5a8d4d6205e5b11647eb6a74844ca23d2573/server/extensions/git/dist/main.js:2:1022609)
	at ChildProcess.emit (node:events:530:35)
	at ChildProcess._handle.onexit (node:internal/child_process:294:12)
2024-06-26 09:04:50.312 [error] Error: Git error
	at ChildProcess.<anonymous> (/root/.vscode-server/cli/servers/Stable-89de5a8d4d6205e5b11647eb6a74844ca23d2573/server/extensions/git/dist/main.js:2:1022609)
	at ChildProcess.emit (node:events:530:35)
	at ChildProcess._handle.onexit (node:internal/child_process:294:12)
2024-06-26 09:04:50.312 [error] Error: Git error
	at ChildProcess.<anonymous> (/root/.vscode-server/cli/servers/Stable-89de5a8d4d6205e5b11647eb6a74844ca23d2573/server/extensions/git/dist/main.js:2:1022609)
	at ChildProcess.emit (node:events:530:35)
	at ChildProcess._handle.onexit (node:internal/child_process:294:12)
2024-06-26 09:04:50.312 [error] Error: Git error
	at ChildProcess.<anonymous> (/root/.vscode-server/cli/servers/Stable-89de5a8d4d6205e5b11647eb6a74844ca23d2573/server/extensions/git/dist/main.js:2:1022609)
	at ChildProcess.emit (node:events:530:35)
	at ChildProcess._handle.onexit (node:internal/child_process:294:12)
2024-06-26 09:04:50.312 [error] Error: Git error
	at ChildProcess.<anonymous> (/root/.vscode-server/cli/servers/Stable-89de5a8d4d6205e5b11647eb6a74844ca23d2573/server/extensions/git/dist/main.js:2:1022609)
	at ChildProcess.emit (node:events:530:35)
	at ChildProcess._handle.onexit (node:internal/child_process:294:12)
2024-06-26 09:04:50.312 [error] Error: Git error
	at ChildProcess.<anonymous> (/root/.vscode-server/cli/servers/Stable-89de5a8d4d6205e5b11647eb6a74844ca23d2573/server/extensions/git/dist/main.js:2:1022609)
	at ChildProcess.emit (node:events:530:35)
	at ChildProcess._handle.onexit (node:internal/child_process:294:12)
2024-06-26 09:04:50.312 [error] Error: Git error
	at ChildProcess.<anonymous> (/root/.vscode-server/cli/servers/Stable-89de5a8d4d6205e5b11647eb6a74844ca23d2573/server/extensions/git/dist/main.js:2:1022609)
	at ChildProcess.emit (node:events:530:35)
	at ChildProcess._handle.onexit (node:internal/child_process:294:12)
2024-06-26 09:04:50.312 [error] Error: Git error
	at ChildProcess.<anonymous> (/root/.vscode-server/cli/servers/Stable-89de5a8d4d6205e5b11647eb6a74844ca23d2573/server/extensions/git/dist/main.js:2:1022609)
	at ChildProcess.emit (node:events:530:35)
	at ChildProcess._handle.onexit (node:internal/child_process:294:12)
2024-06-26 09:04:50.312 [error] Error: Git error
	at ChildProcess.<anonymous> (/root/.vscode-server/cli/servers/Stable-89de5a8d4d6205e5b11647eb6a74844ca23d2573/server/extensions/git/dist/main.js:2:1022609)
	at ChildProcess.emit (node:events:530:35)
	at ChildProcess._handle.onexit (node:internal/child_process:294:12)
2024-06-26 09:04:50.312 [error] Error: Git error
	at ChildProcess.<anonymous> (/root/.vscode-server/cli/servers/Stable-89de5a8d4d6205e5b11647eb6a74844ca23d2573/server/extensions/git/dist/main.js:2:1022609)
	at ChildProcess.emit (node:events:530:35)
	at ChildProcess._handle.onexit (node:internal/child_process:294:12)
2024-06-26 09:04:50.312 [error] Error: Git error
	at ChildProcess.<anonymous> (/root/.vscode-server/cli/servers/Stable-89de5a8d4d6205e5b11647eb6a74844ca23d2573/server/extensions/git/dist/main.js:2:1022609)
	at ChildProcess.emit (node:events:530:35)
	at ChildProcess._handle.onexit (node:internal/child_process:294:12)
2024-06-26 09:04:50.312 [error] Error: Git error
	at ChildProcess.<anonymous> (/root/.vscode-server/cli/servers/Stable-89de5a8d4d6205e5b11647eb6a74844ca23d2573/server/extensions/git/dist/main.js:2:1022609)
	at ChildProcess.emit (node:events:530:35)
	at ChildProcess._handle.onexit (node:internal/child_process:294:12)
2024-06-26 09:04:50.312 [error] Error: Git error
	at ChildProcess.<anonymous> (/root/.vscode-server/cli/servers/Stable-89de5a8d4d6205e5b11647eb6a74844ca23d2573/server/extensions/git/dist/main.js:2:1022609)
	at ChildProcess.emit (node:events:530:35)
	at ChildProcess._handle.onexit (node:internal/child_process:294:12)
2024-06-26 09:04:50.312 [error] Error: Git error
	at ChildProcess.<anonymous> (/root/.vscode-server/cli/servers/Stable-89de5a8d4d6205e5b11647eb6a74844ca23d2573/server/extensions/git/dist/main.js:2:1022609)
	at ChildProcess.emit (node:events:530:35)
	at ChildProcess._handle.onexit (node:internal/child_process:294:12)
2024-06-26 09:04:50.312 [error] Error: Git error
	at ChildProcess.<anonymous> (/root/.vscode-server/cli/servers/Stable-89de5a8d4d6205e5b11647eb6a74844ca23d2573/server/extensions/git/dist/main.js:2:1022609)
	at ChildProcess.emit (node:events:530:35)
	at ChildProcess._handle.onexit (node:internal/child_process:294:12)
2024-06-26 09:04:50.312 [error] Error: Git error
	at ChildProcess.<anonymous> (/root/.vscode-server/cli/servers/Stable-89de5a8d4d6205e5b11647eb6a74844ca23d2573/server/extensions/git/dist/main.js:2:1022609)
	at ChildProcess.emit (node:events:530:35)
	at ChildProcess._handle.onexit (node:internal/child_process:294:12)
2024-06-26 09:04:50.312 [error] Error: Git error
	at ChildProcess.<anonymous> (/root/.vscode-server/cli/servers/Stable-89de5a8d4d6205e5b11647eb6a74844ca23d2573/server/extensions/git/dist/main.js:2:1022609)
	at ChildProcess.emit (node:events:530:35)
	at ChildProcess._handle.onexit (node:internal/child_process:294:12)
2024-06-26 09:04:50.312 [error] Error: Git error
	at ChildProcess.<anonymous> (/root/.vscode-server/cli/servers/Stable-89de5a8d4d6205e5b11647eb6a74844ca23d2573/server/extensions/git/dist/main.js:2:1022609)
	at ChildProcess.emit (node:events:530:35)
	at ChildProcess._handle.onexit (node:internal/child_process:294:12)
2024-06-26 09:04:50.312 [error] Error: Git error
	at ChildProcess.<anonymous> (/root/.vscode-server/cli/servers/Stable-89de5a8d4d6205e5b11647eb6a74844ca23d2573/server/extensions/git/dist/main.js:2:1022609)
	at ChildProcess.emit (node:events:530:35)
	at ChildProcess._handle.onexit (node:internal/child_process:294:12)
2024-06-26 09:04:50.312 [error] Error: Git error
	at ChildProcess.<anonymous> (/root/.vscode-server/cli/servers/Stable-89de5a8d4d6205e5b11647eb6a74844ca23d2573/server/extensions/git/dist/main.js:2:1022609)
	at ChildProcess.emit (node:events:530:35)
	at ChildProcess._handle.onexit (node:internal/child_process:294:12)
2024-06-26 09:04:50.312 [error] Error: Git error
	at ChildProcess.<anonymous> (/root/.vscode-server/cli/servers/Stable-89de5a8d4d6205e5b11647eb6a74844ca23d2573/server/extensions/git/dist/main.js:2:1022609)
	at ChildProcess.emit (node:events:530:35)
	at ChildProcess._handle.onexit (node:internal/child_process:294:12)
2024-06-26 09:04:50.312 [error] Error: Git error
	at ChildProcess.<anonymous> (/root/.vscode-server/cli/servers/Stable-89de5a8d4d6205e5b11647eb6a74844ca23d2573/server/extensions/git/dist/main.js:2:1022609)
	at ChildProcess.emit (node:events:530:35)
	at ChildProcess._handle.onexit (node:internal/child_process:294:12)
2024-06-26 09:04:50.312 [error] Error: Git error
	at ChildProcess.<anonymous> (/root/.vscode-server/cli/servers/Stable-89de5a8d4d6205e5b11647eb6a74844ca23d2573/server/extensions/git/dist/main.js:2:1022609)
	at ChildProcess.emit (node:events:530:35)
	at ChildProcess._handle.onexit (node:internal/child_process:294:12)
2024-06-26 09:04:50.312 [error] Error: Git error
	at ChildProcess.<anonymous> (/root/.vscode-server/cli/servers/Stable-89de5a8d4d6205e5b11647eb6a74844ca23d2573/server/extensions/git/dist/main.js:2:1022609)
	at ChildProcess.emit (node:events:530:35)
	at ChildProcess._handle.onexit (node:internal/child_process:294:12)
2024-06-26 09:04:50.312 [error] Error: Git error
	at ChildProcess.<anonymous> (/root/.vscode-server/cli/servers/Stable-89de5a8d4d6205e5b11647eb6a74844ca23d2573/server/extensions/git/dist/main.js:2:1022609)
	at ChildProcess.emit (node:events:530:35)
	at ChildProcess._handle.onexit (node:internal/child_process:294:12)
2024-06-26 09:04:50.312 [error] Error: Git error
	at ChildProcess.<anonymous> (/root/.vscode-server/cli/servers/Stable-89de5a8d4d6205e5b11647eb6a74844ca23d2573/server/extensions/git/dist/main.js:2:1022609)
	at ChildProcess.emit (node:events:530:35)
	at ChildProcess._handle.onexit (node:internal/child_process:294:12)
2024-06-26 09:04:50.312 [error] Error: Git error
	at ChildProcess.<anonymous> (/root/.vscode-server/cli/servers/Stable-89de5a8d4d6205e5b11647eb6a74844ca23d2573/server/extensions/git/dist/main.js:2:1022609)
	at ChildProcess.emit (node:events:530:35)
	at ChildProcess._handle.onexit (node:internal/child_process:294:12)
2024-06-26 09:04:50.312 [error] Error: Git error
	at ChildProcess.<anonymous> (/root/.vscode-server/cli/servers/Stable-89de5a8d4d6205e5b11647eb6a74844ca23d2573/server/extensions/git/dist/main.js:2:1022609)
	at ChildProcess.emit (node:events:530:35)
	at ChildProcess._handle.onexit (node:internal/child_process:294:12)
2024-06-26 09:04:50.312 [error] Error: Git error
	at ChildProcess.<anonymous> (/root/.vscode-server/cli/servers/Stable-89de5a8d4d6205e5b11647eb6a74844ca23d2573/server/extensions/git/dist/main.js:2:1022609)
	at ChildProcess.emit (node:events:530:35)
	at ChildProcess._handle.onexit (node:internal/child_process:294:12)
2024-06-26 09:04:50.313 [error] Error: Git error
	at ChildProcess.<anonymous> (/root/.vscode-server/cli/servers/Stable-89de5a8d4d6205e5b11647eb6a74844ca23d2573/server/extensions/git/dist/main.js:2:1022609)
	at ChildProcess.emit (node:events:530:35)
	at ChildProcess._handle.onexit (node:internal/child_process:294:12)
2024-06-26 09:04:50.313 [error] Error: Git error
	at ChildProcess.<anonymous> (/root/.vscode-server/cli/servers/Stable-89de5a8d4d6205e5b11647eb6a74844ca23d2573/server/extensions/git/dist/main.js:2:1022609)
	at ChildProcess.emit (node:events:530:35)
	at ChildProcess._handle.onexit (node:internal/child_process:294:12)
2024-06-26 09:04:50.313 [error] Error: Git error
	at ChildProcess.<anonymous> (/root/.vscode-server/cli/servers/Stable-89de5a8d4d6205e5b11647eb6a74844ca23d2573/server/extensions/git/dist/main.js:2:1022609)
	at ChildProcess.emit (node:events:530:35)
	at ChildProcess._handle.onexit (node:internal/child_process:294:12)
2024-06-26 09:04:50.313 [error] Error: Git error
	at ChildProcess.<anonymous> (/root/.vscode-server/cli/servers/Stable-89de5a8d4d6205e5b11647eb6a74844ca23d2573/server/extensions/git/dist/main.js:2:1022609)
	at ChildProcess.emit (node:events:530:35)
	at ChildProcess._handle.onexit (node:internal/child_process:294:12)
2024-06-26 09:04:50.313 [error] Error: Git error
	at ChildProcess.<anonymous> (/root/.vscode-server/cli/servers/Stable-89de5a8d4d6205e5b11647eb6a74844ca23d2573/server/extensions/git/dist/main.js:2:1022609)
	at ChildProcess.emit (node:events:530:35)
	at ChildProcess._handle.onexit (node:internal/child_process:294:12)
2024-06-26 09:04:50.313 [error] Error: Git error
	at ChildProcess.<anonymous> (/root/.vscode-server/cli/servers/Stable-89de5a8d4d6205e5b11647eb6a74844ca23d2573/server/extensions/git/dist/main.js:2:1022609)
	at ChildProcess.emit (node:events:530:35)
	at ChildProcess._handle.onexit (node:internal/child_process:294:12)
2024-06-26 09:04:50.313 [error] Error: Git error
	at ChildProcess.<anonymous> (/root/.vscode-server/cli/servers/Stable-89de5a8d4d6205e5b11647eb6a74844ca23d2573/server/extensions/git/dist/main.js:2:1022609)
	at ChildProcess.emit (node:events:530:35)
	at ChildProcess._handle.onexit (node:internal/child_process:294:12)
2024-06-26 09:04:50.313 [error] Error: Git error
	at ChildProcess.<anonymous> (/root/.vscode-server/cli/servers/Stable-89de5a8d4d6205e5b11647eb6a74844ca23d2573/server/extensions/git/dist/main.js:2:1022609)
	at ChildProcess.emit (node:events:530:35)
	at ChildProcess._handle.onexit (node:internal/child_process:294:12)
2024-06-26 09:04:50.313 [error] Error: Git error
	at ChildProcess.<anonymous> (/root/.vscode-server/cli/servers/Stable-89de5a8d4d6205e5b11647eb6a74844ca23d2573/server/extensions/git/dist/main.js:2:1022609)
	at ChildProcess.emit (node:events:530:35)
	at ChildProcess._handle.onexit (node:internal/child_process:294:12)
2024-06-26 09:04:50.313 [error] Error: Git error
	at ChildProcess.<anonymous> (/root/.vscode-server/cli/servers/Stable-89de5a8d4d6205e5b11647eb6a74844ca23d2573/server/extensions/git/dist/main.js:2:1022609)
	at ChildProcess.emit (node:events:530:35)
	at ChildProcess._handle.onexit (node:internal/child_process:294:12)
2024-06-26 09:04:50.313 [error] Error: Git error
	at ChildProcess.<anonymous> (/root/.vscode-server/cli/servers/Stable-89de5a8d4d6205e5b11647eb6a74844ca23d2573/server/extensions/git/dist/main.js:2:1022609)
	at ChildProcess.emit (node:events:530:35)
	at ChildProcess._handle.onexit (node:internal/child_process:294:12)
2024-06-26 09:04:50.313 [error] Error: Git error
	at ChildProcess.<anonymous> (/root/.vscode-server/cli/servers/Stable-89de5a8d4d6205e5b11647eb6a74844ca23d2573/server/extensions/git/dist/main.js:2:1022609)
	at ChildProcess.emit (node:events:530:35)
	at ChildProcess._handle.onexit (node:internal/child_process:294:12)
2024-06-26 09:04:50.313 [error] Error: Git error
	at ChildProcess.<anonymous> (/root/.vscode-server/cli/servers/Stable-89de5a8d4d6205e5b11647eb6a74844ca23d2573/server/extensions/git/dist/main.js:2:1022609)
	at ChildProcess.emit (node:events:530:35)
	at ChildProcess._handle.onexit (node:internal/child_process:294:12)
2024-06-26 09:04:50.313 [error] Error: Git error
	at ChildProcess.<anonymous> (/root/.vscode-server/cli/servers/Stable-89de5a8d4d6205e5b11647eb6a74844ca23d2573/server/extensions/git/dist/main.js:2:1022609)
	at ChildProcess.emit (node:events:530:35)
	at ChildProcess._handle.onexit (node:internal/child_process:294:12)
2024-06-26 09:04:50.313 [error] Error: Git error
	at ChildProcess.<anonymous> (/root/.vscode-server/cli/servers/Stable-89de5a8d4d6205e5b11647eb6a74844ca23d2573/server/extensions/git/dist/main.js:2:1022609)
	at ChildProcess.emit (node:events:530:35)
	at ChildProcess._handle.onexit (node:internal/child_process:294:12)
2024-06-26 09:04:50.313 [error] Error: Git error
	at ChildProcess.<anonymous> (/root/.vscode-server/cli/servers/Stable-89de5a8d4d6205e5b11647eb6a74844ca23d2573/server/extensions/git/dist/main.js:2:1022609)
	at ChildProcess.emit (node:events:530:35)
	at ChildProcess._handle.onexit (node:internal/child_process:294:12)
2024-06-26 09:04:50.313 [error] Error: Git error
	at ChildProcess.<anonymous> (/root/.vscode-server/cli/servers/Stable-89de5a8d4d6205e5b11647eb6a74844ca23d2573/server/extensions/git/dist/main.js:2:1022609)
	at ChildProcess.emit (node:events:530:35)
	at ChildProcess._handle.onexit (node:internal/child_process:294:12)
2024-06-26 09:04:50.313 [error] Error: Git error
	at ChildProcess.<anonymous> (/root/.vscode-server/cli/servers/Stable-89de5a8d4d6205e5b11647eb6a74844ca23d2573/server/extensions/git/dist/main.js:2:1022609)
	at ChildProcess.emit (node:events:530:35)
	at ChildProcess._handle.onexit (node:internal/child_process:294:12)
2024-06-26 09:04:50.313 [error] Error: Git error
	at ChildProcess.<anonymous> (/root/.vscode-server/cli/servers/Stable-89de5a8d4d6205e5b11647eb6a74844ca23d2573/server/extensions/git/dist/main.js:2:1022609)
	at ChildProcess.emit (node:events:530:35)
	at ChildProcess._handle.onexit (node:internal/child_process:294:12)
2024-06-26 09:04:50.313 [error] Error: Git error
	at ChildProcess.<anonymous> (/root/.vscode-server/cli/servers/Stable-89de5a8d4d6205e5b11647eb6a74844ca23d2573/server/extensions/git/dist/main.js:2:1022609)
	at ChildProcess.emit (node:events:530:35)
	at ChildProcess._handle.onexit (node:internal/child_process:294:12)
2024-06-26 09:04:50.313 [error] Error: Git error
	at ChildProcess.<anonymous> (/root/.vscode-server/cli/servers/Stable-89de5a8d4d6205e5b11647eb6a74844ca23d2573/server/extensions/git/dist/main.js:2:1022609)
	at ChildProcess.emit (node:events:530:35)
	at ChildProcess._handle.onexit (node:internal/child_process:294:12)
2024-06-26 09:04:51.313 [error] Error: Git error
	at ChildProcess.<anonymous> (/root/.vscode-server/cli/servers/Stable-89de5a8d4d6205e5b11647eb6a74844ca23d2573/server/extensions/git/dist/main.js:2:1022609)
	at ChildProcess.emit (node:events:530:35)
	at ChildProcess._handle.onexit (node:internal/child_process:294:12)
2024-06-26 09:04:51.316 [error] Error: Git error
	at ChildProcess.<anonymous> (/root/.vscode-server/cli/servers/Stable-89de5a8d4d6205e5b11647eb6a74844ca23d2573/server/extensions/git/dist/main.js:2:1022609)
	at ChildProcess.emit (node:events:530:35)
	at ChildProcess._handle.onexit (node:internal/child_process:294:12)
2024-06-26 09:04:51.317 [error] Error: Git error
	at ChildProcess.<anonymous> (/root/.vscode-server/cli/servers/Stable-89de5a8d4d6205e5b11647eb6a74844ca23d2573/server/extensions/git/dist/main.js:2:1022609)
	at ChildProcess.emit (node:events:530:35)
	at ChildProcess._handle.onexit (node:internal/child_process:294:12)
2024-06-26 09:04:51.318 [error] Error: Git error
	at ChildProcess.<anonymous> (/root/.vscode-server/cli/servers/Stable-89de5a8d4d6205e5b11647eb6a74844ca23d2573/server/extensions/git/dist/main.js:2:1022609)
	at ChildProcess.emit (node:events:530:35)
	at ChildProcess._handle.onexit (node:internal/child_process:294:12)
2024-06-26 09:04:51.319 [error] Error: Git error
	at ChildProcess.<anonymous> (/root/.vscode-server/cli/servers/Stable-89de5a8d4d6205e5b11647eb6a74844ca23d2573/server/extensions/git/dist/main.js:2:1022609)
	at ChildProcess.emit (node:events:530:35)
	at ChildProcess._handle.onexit (node:internal/child_process:294:12)
2024-06-26 09:04:51.320 [error] Error: Git error
	at ChildProcess.<anonymous> (/root/.vscode-server/cli/servers/Stable-89de5a8d4d6205e5b11647eb6a74844ca23d2573/server/extensions/git/dist/main.js:2:1022609)
	at ChildProcess.emit (node:events:530:35)
	at ChildProcess._handle.onexit (node:internal/child_process:294:12)
2024-06-26 09:04:51.320 [error] Error: Git error
	at ChildProcess.<anonymous> (/root/.vscode-server/cli/servers/Stable-89de5a8d4d6205e5b11647eb6a74844ca23d2573/server/extensions/git/dist/main.js:2:1022609)
	at ChildProcess.emit (node:events:530:35)
	at ChildProcess._handle.onexit (node:internal/child_process:294:12)
2024-06-26 09:04:51.321 [error] Error: Git error
	at ChildProcess.<anonymous> (/root/.vscode-server/cli/servers/Stable-89de5a8d4d6205e5b11647eb6a74844ca23d2573/server/extensions/git/dist/main.js:2:1022609)
	at ChildProcess.emit (node:events:530:35)
	at ChildProcess._handle.onexit (node:internal/child_process:294:12)
2024-06-26 09:04:51.321 [error] Error: Git error
	at ChildProcess.<anonymous> (/root/.vscode-server/cli/servers/Stable-89de5a8d4d6205e5b11647eb6a74844ca23d2573/server/extensions/git/dist/main.js:2:1022609)
	at ChildProcess.emit (node:events:530:35)
	at ChildProcess._handle.onexit (node:internal/child_process:294:12)
2024-06-26 09:04:51.322 [error] Error: Git error
	at ChildProcess.<anonymous> (/root/.vscode-server/cli/servers/Stable-89de5a8d4d6205e5b11647eb6a74844ca23d2573/server/extensions/git/dist/main.js:2:1022609)
	at ChildProcess.emit (node:events:530:35)
	at ChildProcess._handle.onexit (node:internal/child_process:294:12)
2024-06-26 09:04:51.323 [error] Error: Git error
	at ChildProcess.<anonymous> (/root/.vscode-server/cli/servers/Stable-89de5a8d4d6205e5b11647eb6a74844ca23d2573/server/extensions/git/dist/main.js:2:1022609)
	at ChildProcess.emit (node:events:530:35)
	at ChildProcess._handle.onexit (node:internal/child_process:294:12)
2024-06-26 09:04:51.323 [error] Error: Git error
	at ChildProcess.<anonymous> (/root/.vscode-server/cli/servers/Stable-89de5a8d4d6205e5b11647eb6a74844ca23d2573/server/extensions/git/dist/main.js:2:1022609)
	at ChildProcess.emit (node:events:530:35)
	at ChildProcess._handle.onexit (node:internal/child_process:294:12)
2024-06-26 09:04:51.324 [error] Error: Git error
	at ChildProcess.<anonymous> (/root/.vscode-server/cli/servers/Stable-89de5a8d4d6205e5b11647eb6a74844ca23d2573/server/extensions/git/dist/main.js:2:1022609)
	at ChildProcess.emit (node:events:530:35)
	at ChildProcess._handle.onexit (node:internal/child_process:294:12)
2024-06-26 09:04:51.324 [error] Error: Git error
	at ChildProcess.<anonymous> (/root/.vscode-server/cli/servers/Stable-89de5a8d4d6205e5b11647eb6a74844ca23d2573/server/extensions/git/dist/main.js:2:1022609)
	at ChildProcess.emit (node:events:530:35)
	at ChildProcess._handle.onexit (node:internal/child_process:294:12)
2024-06-26 09:04:51.324 [error] Error: Git error
	at ChildProcess.<anonymous> (/root/.vscode-server/cli/servers/Stable-89de5a8d4d6205e5b11647eb6a74844ca23d2573/server/extensions/git/dist/main.js:2:1022609)
	at ChildProcess.emit (node:events:530:35)
	at ChildProcess._handle.onexit (node:internal/child_process:294:12)
2024-06-26 09:04:51.325 [error] Error: Git error
	at ChildProcess.<anonymous> (/root/.vscode-server/cli/servers/Stable-89de5a8d4d6205e5b11647eb6a74844ca23d2573/server/extensions/git/dist/main.js:2:1022609)
	at ChildProcess.emit (node:events:530:35)
	at ChildProcess._handle.onexit (node:internal/child_process:294:12)
2024-06-26 09:04:51.325 [error] Error: Git error
	at ChildProcess.<anonymous> (/root/.vscode-server/cli/servers/Stable-89de5a8d4d6205e5b11647eb6a74844ca23d2573/server/extensions/git/dist/main.js:2:1022609)
	at ChildProcess.emit (node:events:530:35)
	at ChildProcess._handle.onexit (node:internal/child_process:294:12)
2024-06-26 09:04:51.325 [error] Error: Git error
	at ChildProcess.<anonymous> (/root/.vscode-server/cli/servers/Stable-89de5a8d4d6205e5b11647eb6a74844ca23d2573/server/extensions/git/dist/main.js:2:1022609)
	at ChildProcess.emit (node:events:530:35)
	at ChildProcess._handle.onexit (node:internal/child_process:294:12)
2024-06-26 09:04:51.325 [error] Error: Git error
	at ChildProcess.<anonymous> (/root/.vscode-server/cli/servers/Stable-89de5a8d4d6205e5b11647eb6a74844ca23d2573/server/extensions/git/dist/main.js:2:1022609)
	at ChildProcess.emit (node:events:530:35)
	at ChildProcess._handle.onexit (node:internal/child_process:294:12)
2024-06-26 09:04:51.326 [error] Error: Git error
	at ChildProcess.<anonymous> (/root/.vscode-server/cli/servers/Stable-89de5a8d4d6205e5b11647eb6a74844ca23d2573/server/extensions/git/dist/main.js:2:1022609)
	at ChildProcess.emit (node:events:530:35)
	at ChildProcess._handle.onexit (node:internal/child_process:294:12)
2024-06-26 09:04:51.326 [error] Error: Git error
	at ChildProcess.<anonymous> (/root/.vscode-server/cli/servers/Stable-89de5a8d4d6205e5b11647eb6a74844ca23d2573/server/extensions/git/dist/main.js:2:1022609)
	at ChildProcess.emit (node:events:530:35)
	at ChildProcess._handle.onexit (node:internal/child_process:294:12)
2024-06-26 09:04:51.326 [error] Error: Git error
	at ChildProcess.<anonymous> (/root/.vscode-server/cli/servers/Stable-89de5a8d4d6205e5b11647eb6a74844ca23d2573/server/extensions/git/dist/main.js:2:1022609)
	at ChildProcess.emit (node:events:530:35)
	at ChildProcess._handle.onexit (node:internal/child_process:294:12)
2024-06-26 09:04:51.326 [error] Error: Git error
	at ChildProcess.<anonymous> (/root/.vscode-server/cli/servers/Stable-89de5a8d4d6205e5b11647eb6a74844ca23d2573/server/extensions/git/dist/main.js:2:1022609)
	at ChildProcess.emit (node:events:530:35)
	at ChildProcess._handle.onexit (node:internal/child_process:294:12)
2024-06-26 09:04:51.326 [error] Error: Git error
	at ChildProcess.<anonymous> (/root/.vscode-server/cli/servers/Stable-89de5a8d4d6205e5b11647eb6a74844ca23d2573/server/extensions/git/dist/main.js:2:1022609)
	at ChildProcess.emit (node:events:530:35)
	at ChildProcess._handle.onexit (node:internal/child_process:294:12)
2024-06-26 09:04:51.327 [error] Error: Git error
	at ChildProcess.<anonymous> (/root/.vscode-server/cli/servers/Stable-89de5a8d4d6205e5b11647eb6a74844ca23d2573/server/extensions/git/dist/main.js:2:1022609)
	at ChildProcess.emit (node:events:530:35)
	at ChildProcess._handle.onexit (node:internal/child_process:294:12)
2024-06-26 09:04:51.327 [error] Error: Git error
	at ChildProcess.<anonymous> (/root/.vscode-server/cli/servers/Stable-89de5a8d4d6205e5b11647eb6a74844ca23d2573/server/extensions/git/dist/main.js:2:1022609)
	at ChildProcess.emit (node:events:530:35)
	at ChildProcess._handle.onexit (node:internal/child_process:294:12)
2024-06-26 09:04:51.327 [error] Error: Git error
	at ChildProcess.<anonymous> (/root/.vscode-server/cli/servers/Stable-89de5a8d4d6205e5b11647eb6a74844ca23d2573/server/extensions/git/dist/main.js:2:1022609)
	at ChildProcess.emit (node:events:530:35)
	at ChildProcess._handle.onexit (node:internal/child_process:294:12)
2024-06-26 09:04:51.327 [error] Error: Git error
	at ChildProcess.<anonymous> (/root/.vscode-server/cli/servers/Stable-89de5a8d4d6205e5b11647eb6a74844ca23d2573/server/extensions/git/dist/main.js:2:1022609)
	at ChildProcess.emit (node:events:530:35)
	at ChildProcess._handle.onexit (node:internal/child_process:294:12)
2024-06-26 09:04:51.327 [error] Error: Git error
	at ChildProcess.<anonymous> (/root/.vscode-server/cli/servers/Stable-89de5a8d4d6205e5b11647eb6a74844ca23d2573/server/extensions/git/dist/main.js:2:1022609)
	at ChildProcess.emit (node:events:530:35)
	at ChildProcess._handle.onexit (node:internal/child_process:294:12)
2024-06-26 09:04:51.328 [error] Error: Git error
	at ChildProcess.<anonymous> (/root/.vscode-server/cli/servers/Stable-89de5a8d4d6205e5b11647eb6a74844ca23d2573/server/extensions/git/dist/main.js:2:1022609)
	at ChildProcess.emit (node:events:530:35)
	at ChildProcess._handle.onexit (node:internal/child_process:294:12)
2024-06-26 09:04:51.328 [error] Error: Git error
	at ChildProcess.<anonymous> (/root/.vscode-server/cli/servers/Stable-89de5a8d4d6205e5b11647eb6a74844ca23d2573/server/extensions/git/dist/main.js:2:1022609)
	at ChildProcess.emit (node:events:530:35)
	at ChildProcess._handle.onexit (node:internal/child_process:294:12)
2024-06-26 09:04:51.328 [error] Error: Git error
	at ChildProcess.<anonymous> (/root/.vscode-server/cli/servers/Stable-89de5a8d4d6205e5b11647eb6a74844ca23d2573/server/extensions/git/dist/main.js:2:1022609)
	at ChildProcess.emit (node:events:530:35)
	at ChildProcess._handle.onexit (node:internal/child_process:294:12)
2024-06-26 09:04:51.328 [error] Error: Git error
	at ChildProcess.<anonymous> (/root/.vscode-server/cli/servers/Stable-89de5a8d4d6205e5b11647eb6a74844ca23d2573/server/extensions/git/dist/main.js:2:1022609)
	at ChildProcess.emit (node:events:530:35)
	at ChildProcess._handle.onexit (node:internal/child_process:294:12)
2024-06-26 09:04:51.328 [error] Error: Git error
	at ChildProcess.<anonymous> (/root/.vscode-server/cli/servers/Stable-89de5a8d4d6205e5b11647eb6a74844ca23d2573/server/extensions/git/dist/main.js:2:1022609)
	at ChildProcess.emit (node:events:530:35)
	at ChildProcess._handle.onexit (node:internal/child_process:294:12)
2024-06-26 09:04:51.329 [error] Error: Git error
	at ChildProcess.<anonymous> (/root/.vscode-server/cli/servers/Stable-89de5a8d4d6205e5b11647eb6a74844ca23d2573/server/extensions/git/dist/main.js:2:1022609)
	at ChildProcess.emit (node:events:530:35)
	at ChildProcess._handle.onexit (node:internal/child_process:294:12)
2024-06-26 09:04:51.329 [error] Error: Git error
	at ChildProcess.<anonymous> (/root/.vscode-server/cli/servers/Stable-89de5a8d4d6205e5b11647eb6a74844ca23d2573/server/extensions/git/dist/main.js:2:1022609)
	at ChildProcess.emit (node:events:530:35)
	at ChildProcess._handle.onexit (node:internal/child_process:294:12)
2024-06-26 09:04:51.329 [error] Error: Git error
	at ChildProcess.<anonymous> (/root/.vscode-server/cli/servers/Stable-89de5a8d4d6205e5b11647eb6a74844ca23d2573/server/extensions/git/dist/main.js:2:1022609)
	at ChildProcess.emit (node:events:530:35)
	at ChildProcess._handle.onexit (node:internal/child_process:294:12)
2024-06-26 09:04:51.329 [error] Error: Git error
	at ChildProcess.<anonymous> (/root/.vscode-server/cli/servers/Stable-89de5a8d4d6205e5b11647eb6a74844ca23d2573/server/extensions/git/dist/main.js:2:1022609)
	at ChildProcess.emit (node:events:530:35)
	at ChildProcess._handle.onexit (node:internal/child_process:294:12)
2024-06-26 09:04:51.329 [error] Error: Git error
	at ChildProcess.<anonymous> (/root/.vscode-server/cli/servers/Stable-89de5a8d4d6205e5b11647eb6a74844ca23d2573/server/extensions/git/dist/main.js:2:1022609)
	at ChildProcess.emit (node:events:530:35)
	at ChildProcess._handle.onexit (node:internal/child_process:294:12)
2024-06-26 09:04:51.329 [error] Error: Git error
	at ChildProcess.<anonymous> (/root/.vscode-server/cli/servers/Stable-89de5a8d4d6205e5b11647eb6a74844ca23d2573/server/extensions/git/dist/main.js:2:1022609)
	at ChildProcess.emit (node:events:530:35)
	at ChildProcess._handle.onexit (node:internal/child_process:294:12)
2024-06-26 09:04:51.330 [error] Error: Git error
	at ChildProcess.<anonymous> (/root/.vscode-server/cli/servers/Stable-89de5a8d4d6205e5b11647eb6a74844ca23d2573/server/extensions/git/dist/main.js:2:1022609)
	at ChildProcess.emit (node:events:530:35)
	at ChildProcess._handle.onexit (node:internal/child_process:294:12)
2024-06-26 09:04:51.330 [error] Error: Git error
	at ChildProcess.<anonymous> (/root/.vscode-server/cli/servers/Stable-89de5a8d4d6205e5b11647eb6a74844ca23d2573/server/extensions/git/dist/main.js:2:1022609)
	at ChildProcess.emit (node:events:530:35)
	at ChildProcess._handle.onexit (node:internal/child_process:294:12)
2024-06-26 09:04:51.330 [error] Error: Git error
	at ChildProcess.<anonymous> (/root/.vscode-server/cli/servers/Stable-89de5a8d4d6205e5b11647eb6a74844ca23d2573/server/extensions/git/dist/main.js:2:1022609)
	at ChildProcess.emit (node:events:530:35)
	at ChildProcess._handle.onexit (node:internal/child_process:294:12)
2024-06-26 09:04:51.330 [error] Error: Git error
	at ChildProcess.<anonymous> (/root/.vscode-server/cli/servers/Stable-89de5a8d4d6205e5b11647eb6a74844ca23d2573/server/extensions/git/dist/main.js:2:1022609)
	at ChildProcess.emit (node:events:530:35)
	at ChildProcess._handle.onexit (node:internal/child_process:294:12)
2024-06-26 09:04:51.330 [error] Error: Git error
	at ChildProcess.<anonymous> (/root/.vscode-server/cli/servers/Stable-89de5a8d4d6205e5b11647eb6a74844ca23d2573/server/extensions/git/dist/main.js:2:1022609)
	at ChildProcess.emit (node:events:530:35)
	at ChildProcess._handle.onexit (node:internal/child_process:294:12)
2024-06-26 09:04:51.330 [error] Error: Git error
	at ChildProcess.<anonymous> (/root/.vscode-server/cli/servers/Stable-89de5a8d4d6205e5b11647eb6a74844ca23d2573/server/extensions/git/dist/main.js:2:1022609)
	at ChildProcess.emit (node:events:530:35)
	at ChildProcess._handle.onexit (node:internal/child_process:294:12)
2024-06-26 09:04:51.331 [error] Error: Git error
	at ChildProcess.<anonymous> (/root/.vscode-server/cli/servers/Stable-89de5a8d4d6205e5b11647eb6a74844ca23d2573/server/extensions/git/dist/main.js:2:1022609)
	at ChildProcess.emit (node:events:530:35)
	at ChildProcess._handle.onexit (node:internal/child_process:294:12)
2024-06-26 09:04:51.331 [error] Error: Git error
	at ChildProcess.<anonymous> (/root/.vscode-server/cli/servers/Stable-89de5a8d4d6205e5b11647eb6a74844ca23d2573/server/extensions/git/dist/main.js:2:1022609)
	at ChildProcess.emit (node:events:530:35)
	at ChildProcess._handle.onexit (node:internal/child_process:294:12)
2024-06-26 09:04:51.331 [error] Error: Git error
	at ChildProcess.<anonymous> (/root/.vscode-server/cli/servers/Stable-89de5a8d4d6205e5b11647eb6a74844ca23d2573/server/extensions/git/dist/main.js:2:1022609)
	at ChildProcess.emit (node:events:530:35)
	at ChildProcess._handle.onexit (node:internal/child_process:294:12)
2024-06-26 09:04:51.331 [error] Error: Git error
	at ChildProcess.<anonymous> (/root/.vscode-server/cli/servers/Stable-89de5a8d4d6205e5b11647eb6a74844ca23d2573/server/extensions/git/dist/main.js:2:1022609)
	at ChildProcess.emit (node:events:530:35)
	at ChildProcess._handle.onexit (node:internal/child_process:294:12)
2024-06-26 09:04:51.331 [error] Error: Git error
	at ChildProcess.<anonymous> (/root/.vscode-server/cli/servers/Stable-89de5a8d4d6205e5b11647eb6a74844ca23d2573/server/extensions/git/dist/main.js:2:1022609)
	at ChildProcess.emit (node:events:530:35)
	at ChildProcess._handle.onexit (node:internal/child_process:294:12)
2024-06-26 09:04:51.332 [error] Error: Git error
	at ChildProcess.<anonymous> (/root/.vscode-server/cli/servers/Stable-89de5a8d4d6205e5b11647eb6a74844ca23d2573/server/extensions/git/dist/main.js:2:1022609)
	at ChildProcess.emit (node:events:530:35)
	at ChildProcess._handle.onexit (node:internal/child_process:294:12)
2024-06-26 09:04:51.332 [error] Error: Git error
	at ChildProcess.<anonymous> (/root/.vscode-server/cli/servers/Stable-89de5a8d4d6205e5b11647eb6a74844ca23d2573/server/extensions/git/dist/main.js:2:1022609)
	at ChildProcess.emit (node:events:530:35)
	at ChildProcess._handle.onexit (node:internal/child_process:294:12)
2024-06-26 09:04:51.332 [error] Error: Git error
	at ChildProcess.<anonymous> (/root/.vscode-server/cli/servers/Stable-89de5a8d4d6205e5b11647eb6a74844ca23d2573/server/extensions/git/dist/main.js:2:1022609)
	at ChildProcess.emit (node:events:530:35)
	at ChildProcess._handle.onexit (node:internal/child_process:294:12)
2024-06-26 09:04:51.332 [error] Error: Git error
	at ChildProcess.<anonymous> (/root/.vscode-server/cli/servers/Stable-89de5a8d4d6205e5b11647eb6a74844ca23d2573/server/extensions/git/dist/main.js:2:1022609)
	at ChildProcess.emit (node:events:530:35)
	at ChildProcess._handle.onexit (node:internal/child_process:294:12)
2024-06-26 09:04:51.332 [error] Error: Git error
	at ChildProcess.<anonymous> (/root/.vscode-server/cli/servers/Stable-89de5a8d4d6205e5b11647eb6a74844ca23d2573/server/extensions/git/dist/main.js:2:1022609)
	at ChildProcess.emit (node:events:530:35)
	at ChildProcess._handle.onexit (node:internal/child_process:294:12)
2024-06-26 09:04:51.332 [error] Error: Git error
	at ChildProcess.<anonymous> (/root/.vscode-server/cli/servers/Stable-89de5a8d4d6205e5b11647eb6a74844ca23d2573/server/extensions/git/dist/main.js:2:1022609)
	at ChildProcess.emit (node:events:530:35)
	at ChildProcess._handle.onexit (node:internal/child_process:294:12)
2024-06-26 09:04:51.333 [error] Error: Git error
	at ChildProcess.<anonymous> (/root/.vscode-server/cli/servers/Stable-89de5a8d4d6205e5b11647eb6a74844ca23d2573/server/extensions/git/dist/main.js:2:1022609)
	at ChildProcess.emit (node:events:530:35)
	at ChildProcess._handle.onexit (node:internal/child_process:294:12)
2024-06-26 09:04:51.333 [error] Error: Git error
	at ChildProcess.<anonymous> (/root/.vscode-server/cli/servers/Stable-89de5a8d4d6205e5b11647eb6a74844ca23d2573/server/extensions/git/dist/main.js:2:1022609)
	at ChildProcess.emit (node:events:530:35)
	at ChildProcess._handle.onexit (node:internal/child_process:294:12)
2024-06-26 09:04:51.333 [error] Error: Git error
	at ChildProcess.<anonymous> (/root/.vscode-server/cli/servers/Stable-89de5a8d4d6205e5b11647eb6a74844ca23d2573/server/extensions/git/dist/main.js:2:1022609)
	at ChildProcess.emit (node:events:530:35)
	at ChildProcess._handle.onexit (node:internal/child_process:294:12)
2024-06-26 09:04:51.333 [error] Error: Git error
	at ChildProcess.<anonymous> (/root/.vscode-server/cli/servers/Stable-89de5a8d4d6205e5b11647eb6a74844ca23d2573/server/extensions/git/dist/main.js:2:1022609)
	at ChildProcess.emit (node:events:530:35)
	at ChildProcess._handle.onexit (node:internal/child_process:294:12)
2024-06-26 09:04:51.333 [error] Error: Git error
	at ChildProcess.<anonymous> (/root/.vscode-server/cli/servers/Stable-89de5a8d4d6205e5b11647eb6a74844ca23d2573/server/extensions/git/dist/main.js:2:1022609)
	at ChildProcess.emit (node:events:530:35)
	at ChildProcess._handle.onexit (node:internal/child_process:294:12)
2024-06-26 09:04:51.333 [error] Error: Git error
	at ChildProcess.<anonymous> (/root/.vscode-server/cli/servers/Stable-89de5a8d4d6205e5b11647eb6a74844ca23d2573/server/extensions/git/dist/main.js:2:1022609)
	at ChildProcess.emit (node:events:530:35)
	at ChildProcess._handle.onexit (node:internal/child_process:294:12)
2024-06-26 09:04:51.334 [error] Error: Git error
	at ChildProcess.<anonymous> (/root/.vscode-server/cli/servers/Stable-89de5a8d4d6205e5b11647eb6a74844ca23d2573/server/extensions/git/dist/main.js:2:1022609)
	at ChildProcess.emit (node:events:530:35)
	at ChildProcess._handle.onexit (node:internal/child_process:294:12)
2024-06-26 09:04:51.334 [error] Error: Git error
	at ChildProcess.<anonymous> (/root/.vscode-server/cli/servers/Stable-89de5a8d4d6205e5b11647eb6a74844ca23d2573/server/extensions/git/dist/main.js:2:1022609)
	at ChildProcess.emit (node:events:530:35)
	at ChildProcess._handle.onexit (node:internal/child_process:294:12)
2024-06-26 09:04:51.334 [error] Error: Git error
	at ChildProcess.<anonymous> (/root/.vscode-server/cli/servers/Stable-89de5a8d4d6205e5b11647eb6a74844ca23d2573/server/extensions/git/dist/main.js:2:1022609)
	at ChildProcess.emit (node:events:530:35)
	at ChildProcess._handle.onexit (node:internal/child_process:294:12)
2024-06-26 09:04:51.334 [error] Error: Git error
	at ChildProcess.<anonymous> (/root/.vscode-server/cli/servers/Stable-89de5a8d4d6205e5b11647eb6a74844ca23d2573/server/extensions/git/dist/main.js:2:1022609)
	at ChildProcess.emit (node:events:530:35)
	at ChildProcess._handle.onexit (node:internal/child_process:294:12)
2024-06-26 09:04:51.334 [error] Error: Git error
	at ChildProcess.<anonymous> (/root/.vscode-server/cli/servers/Stable-89de5a8d4d6205e5b11647eb6a74844ca23d2573/server/extensions/git/dist/main.js:2:1022609)
	at ChildProcess.emit (node:events:530:35)
	at ChildProcess._handle.onexit (node:internal/child_process:294:12)
2024-06-26 09:04:51.334 [error] Error: Git error
	at ChildProcess.<anonymous> (/root/.vscode-server/cli/servers/Stable-89de5a8d4d6205e5b11647eb6a74844ca23d2573/server/extensions/git/dist/main.js:2:1022609)
	at ChildProcess.emit (node:events:530:35)
	at ChildProcess._handle.onexit (node:internal/child_process:294:12)
2024-06-26 09:05:00.349 [error] Error: Git error
	at ChildProcess.<anonymous> (/root/.vscode-server/cli/servers/Stable-89de5a8d4d6205e5b11647eb6a74844ca23d2573/server/extensions/git/dist/main.js:2:1022609)
	at ChildProcess.emit (node:events:530:35)
	at ChildProcess._handle.onexit (node:internal/child_process:294:12)
2024-06-26 09:05:00.349 [error] Error: Git error
	at ChildProcess.<anonymous> (/root/.vscode-server/cli/servers/Stable-89de5a8d4d6205e5b11647eb6a74844ca23d2573/server/extensions/git/dist/main.js:2:1022609)
	at ChildProcess.emit (node:events:530:35)
	at ChildProcess._handle.onexit (node:internal/child_process:294:12)
2024-06-26 09:05:00.349 [error] Error: Git error
	at ChildProcess.<anonymous> (/root/.vscode-server/cli/servers/Stable-89de5a8d4d6205e5b11647eb6a74844ca23d2573/server/extensions/git/dist/main.js:2:1022609)
	at ChildProcess.emit (node:events:530:35)
	at ChildProcess._handle.onexit (node:internal/child_process:294:12)
2024-06-26 09:05:01.350 [error] Error: Git error
	at ChildProcess.<anonymous> (/root/.vscode-server/cli/servers/Stable-89de5a8d4d6205e5b11647eb6a74844ca23d2573/server/extensions/git/dist/main.js:2:1022609)
	at ChildProcess.emit (node:events:530:35)
	at ChildProcess._handle.onexit (node:internal/child_process:294:12)
2024-06-26 09:05:01.350 [error] Error: Git error
	at ChildProcess.<anonymous> (/root/.vscode-server/cli/servers/Stable-89de5a8d4d6205e5b11647eb6a74844ca23d2573/server/extensions/git/dist/main.js:2:1022609)
	at ChildProcess.emit (node:events:530:35)
	at ChildProcess._handle.onexit (node:internal/child_process:294:12)
2024-06-26 09:05:01.351 [error] Error: Git error
	at ChildProcess.<anonymous> (/root/.vscode-server/cli/servers/Stable-89de5a8d4d6205e5b11647eb6a74844ca23d2573/server/extensions/git/dist/main.js:2:1022609)
	at ChildProcess.emit (node:events:530:35)
	at ChildProcess._handle.onexit (node:internal/child_process:294:12)
2024-06-26 09:11:28.520 [info] Extension host terminating: renderer disconnected for too long (2)
2024-06-26 09:11:28.521 [info] Lock '/root/.vscode-server/data/User/workspaceStorage/ee617a55bf4ed47eebab33090dd41ba0/vscode.lock': Marking the lockfile as scheduled to be released in 6000 ms.
2024-06-26 09:11:28.568 [error] Canceled: Canceled
	at new A (/root/.vscode-server/cli/servers/Stable-89de5a8d4d6205e5b11647eb6a74844ca23d2573/server/out/vs/workbench/api/node/extensionHostProcess.js:145:50615)
	at E.U (/root/.vscode-server/cli/servers/Stable-89de5a8d4d6205e5b11647eb6a74844ca23d2573/server/out/vs/workbench/api/node/extensionHostProcess.js:152:6007)
	at z.<computed>.M.charCodeAt.R.CharCode.DollarSign.z.<computed> (/root/.vscode-server/cli/servers/Stable-89de5a8d4d6205e5b11647eb6a74844ca23d2573/server/out/vs/workbench/api/node/extensionHostProcess.js:152:3091)
	at h.g (/root/.vscode-server/cli/servers/Stable-89de5a8d4d6205e5b11647eb6a74844ca23d2573/server/out/vs/workbench/api/node/extensionHostProcess.js:155:199935)
	at h.executeCommand (/root/.vscode-server/cli/servers/Stable-89de5a8d4d6205e5b11647eb6a74844ca23d2573/server/out/vs/workbench/api/node/extensionHostProcess.js:155:199373)
	at I.registerCommand.description (/root/.vscode-server/cli/servers/Stable-89de5a8d4d6205e5b11647eb6a74844ca23d2573/server/out/vs/workbench/api/node/extensionHostProcess.js:155:198697)
	at h (/root/.vscode-server/cli/servers/Stable-89de5a8d4d6205e5b11647eb6a74844ca23d2573/server/out/vs/workbench/api/node/extensionHostProcess.js:155:200474)
	at h.g (/root/.vscode-server/cli/servers/Stable-89de5a8d4d6205e5b11647eb6a74844ca23d2573/server/out/vs/workbench/api/node/extensionHostProcess.js:155:199466)
	at h.executeCommand (/root/.vscode-server/cli/servers/Stable-89de5a8d4d6205e5b11647eb6a74844ca23d2573/server/out/vs/workbench/api/node/extensionHostProcess.js:155:199373)
	at Object.executeCommand (/root/.vscode-server/cli/servers/Stable-89de5a8d4d6205e5b11647eb6a74844ca23d2573/server/out/vs/workbench/api/node/extensionHostProcess.js:165:22742)
	at n.O [as value] (/root/.vscode-server/cli/servers/Stable-89de5a8d4d6205e5b11647eb6a74844ca23d2573/server/extensions/git/dist/main.js:2:945191)
	at l.y (/root/.vscode-server/cli/servers/Stable-89de5a8d4d6205e5b11647eb6a74844ca23d2573/server/out/vs/workbench/api/node/extensionHostProcess.js:82:664)
	at l.z (/root/.vscode-server/cli/servers/Stable-89de5a8d4d6205e5b11647eb6a74844ca23d2573/server/out/vs/workbench/api/node/extensionHostProcess.js:82:734)
	at l.fire (/root/.vscode-server/cli/servers/Stable-89de5a8d4d6205e5b11647eb6a74844ca23d2573/server/out/vs/workbench/api/node/extensionHostProcess.js:82:950)
	at Object.p [as dispose] (/root/.vscode-server/cli/servers/Stable-89de5a8d4d6205e5b11647eb6a74844ca23d2573/server/extensions/git/dist/main.js:2:964275)
	at /root/.vscode-server/cli/servers/Stable-89de5a8d4d6205e5b11647eb6a74844ca23d2573/server/extensions/git/dist/main.js:2:970313
	at Array.forEach (<anonymous>)
	at f.dispose (/root/.vscode-server/cli/servers/Stable-89de5a8d4d6205e5b11647eb6a74844ca23d2573/server/extensions/git/dist/main.js:2:970299)
	at a.<anonymous> (/root/.vscode-server/cli/servers/Stable-89de5a8d4d6205e5b11647eb6a74844ca23d2573/server/out/vs/workbench/api/node/extensionHostProcess.js:153:4032)
	at a.dispose (/root/.vscode-server/cli/servers/Stable-89de5a8d4d6205e5b11647eb6a74844ca23d2573/server/out/vs/workbench/api/node/extensionHostProcess.js:153:4129)
	at a.<anonymous> (/root/.vscode-server/cli/servers/Stable-89de5a8d4d6205e5b11647eb6a74844ca23d2573/server/extensions/git/dist/main.js:2:947448)
	at a.dispose (/root/.vscode-server/cli/servers/Stable-89de5a8d4d6205e5b11647eb6a74844ca23d2573/server/out/vs/workbench/api/node/extensionHostProcess.js:153:4129)
	at f (/root/.vscode-server/cli/servers/Stable-89de5a8d4d6205e5b11647eb6a74844ca23d2573/server/out/vs/workbench/api/node/extensionHostProcess.js:30:744)
	at u.eb (/root/.vscode-server/cli/servers/Stable-89de5a8d4d6205e5b11647eb6a74844ca23d2573/server/out/vs/workbench/api/node/extensionHostProcess.js:161:9991)
	at /root/.vscode-server/cli/servers/Stable-89de5a8d4d6205e5b11647eb6a74844ca23d2573/server/out/vs/workbench/api/node/extensionHostProcess.js:161:7867
	at Array.map (<anonymous>)
	at u.$ (/root/.vscode-server/cli/servers/Stable-89de5a8d4d6205e5b11647eb6a74844ca23d2573/server/out/vs/workbench/api/node/extensionHostProcess.js:161:7854)
	at u.terminate (/root/.vscode-server/cli/servers/Stable-89de5a8d4d6205e5b11647eb6a74844ca23d2573/server/out/vs/workbench/api/node/extensionHostProcess.js:161:8127)
	at f.terminate (/root/.vscode-server/cli/servers/Stable-89de5a8d4d6205e5b11647eb6a74844ca23d2573/server/out/vs/workbench/api/node/extensionHostProcess.js:165:1513)
	at t (/root/.vscode-server/cli/servers/Stable-89de5a8d4d6205e5b11647eb6a74844ca23d2573/server/out/vs/workbench/api/node/extensionHostProcess.js:178:10459)
	at M.a (/root/.vscode-server/cli/servers/Stable-89de5a8d4d6205e5b11647eb6a74844ca23d2573/server/out/vs/workbench/api/node/extensionHostProcess.js:178:7151)
	at M.h (/root/.vscode-server/cli/servers/Stable-89de5a8d4d6205e5b11647eb6a74844ca23d2573/server/out/vs/workbench/api/node/extensionHostProcess.js:99:21182)
	at listOnTimeout (node:internal/timers:573:17)
	at process.processTimers (node:internal/timers:514:7) setContext undefined
2024-06-26 09:11:28.570 [error] Canceled: Canceled
	at new A (/root/.vscode-server/cli/servers/Stable-89de5a8d4d6205e5b11647eb6a74844ca23d2573/server/out/vs/workbench/api/node/extensionHostProcess.js:145:50615)
	at E.U (/root/.vscode-server/cli/servers/Stable-89de5a8d4d6205e5b11647eb6a74844ca23d2573/server/out/vs/workbench/api/node/extensionHostProcess.js:152:6007)
	at z.<computed>.M.charCodeAt.R.CharCode.DollarSign.z.<computed> (/root/.vscode-server/cli/servers/Stable-89de5a8d4d6205e5b11647eb6a74844ca23d2573/server/out/vs/workbench/api/node/extensionHostProcess.js:152:3091)
	at h.g (/root/.vscode-server/cli/servers/Stable-89de5a8d4d6205e5b11647eb6a74844ca23d2573/server/out/vs/workbench/api/node/extensionHostProcess.js:155:199935)
	at h.executeCommand (/root/.vscode-server/cli/servers/Stable-89de5a8d4d6205e5b11647eb6a74844ca23d2573/server/out/vs/workbench/api/node/extensionHostProcess.js:155:199373)
	at I.registerCommand.description (/root/.vscode-server/cli/servers/Stable-89de5a8d4d6205e5b11647eb6a74844ca23d2573/server/out/vs/workbench/api/node/extensionHostProcess.js:155:198697)
	at h (/root/.vscode-server/cli/servers/Stable-89de5a8d4d6205e5b11647eb6a74844ca23d2573/server/out/vs/workbench/api/node/extensionHostProcess.js:155:200474)
	at h.g (/root/.vscode-server/cli/servers/Stable-89de5a8d4d6205e5b11647eb6a74844ca23d2573/server/out/vs/workbench/api/node/extensionHostProcess.js:155:199466)
	at h.executeCommand (/root/.vscode-server/cli/servers/Stable-89de5a8d4d6205e5b11647eb6a74844ca23d2573/server/out/vs/workbench/api/node/extensionHostProcess.js:155:199373)
	at Object.executeCommand (/root/.vscode-server/cli/servers/Stable-89de5a8d4d6205e5b11647eb6a74844ca23d2573/server/out/vs/workbench/api/node/extensionHostProcess.js:165:22742)
	at set hasGitHubRepositories [as hasGitHubRepositories] (/root/.vscode-server/cli/servers/Stable-89de5a8d4d6205e5b11647eb6a74844ca23d2573/server/extensions/github/dist/extension.js:2:322969)
	at /root/.vscode-server/cli/servers/Stable-89de5a8d4d6205e5b11647eb6a74844ca23d2573/server/extensions/github/dist/extension.js:2:323928
	at n.value (/root/.vscode-server/cli/servers/Stable-89de5a8d4d6205e5b11647eb6a74844ca23d2573/server/extensions/git/dist/main.js:2:1050764)
	at l.y (/root/.vscode-server/cli/servers/Stable-89de5a8d4d6205e5b11647eb6a74844ca23d2573/server/out/vs/workbench/api/node/extensionHostProcess.js:82:664)
	at l.z (/root/.vscode-server/cli/servers/Stable-89de5a8d4d6205e5b11647eb6a74844ca23d2573/server/out/vs/workbench/api/node/extensionHostProcess.js:82:734)
	at l.fire (/root/.vscode-server/cli/servers/Stable-89de5a8d4d6205e5b11647eb6a74844ca23d2573/server/out/vs/workbench/api/node/extensionHostProcess.js:82:950)
	at Object.p [as dispose] (/root/.vscode-server/cli/servers/Stable-89de5a8d4d6205e5b11647eb6a74844ca23d2573/server/extensions/git/dist/main.js:2:964275)
	at /root/.vscode-server/cli/servers/Stable-89de5a8d4d6205e5b11647eb6a74844ca23d2573/server/extensions/git/dist/main.js:2:970313
	at Array.forEach (<anonymous>)
	at f.dispose (/root/.vscode-server/cli/servers/Stable-89de5a8d4d6205e5b11647eb6a74844ca23d2573/server/extensions/git/dist/main.js:2:970299)
	at a.<anonymous> (/root/.vscode-server/cli/servers/Stable-89de5a8d4d6205e5b11647eb6a74844ca23d2573/server/out/vs/workbench/api/node/extensionHostProcess.js:153:4032)
	at a.dispose (/root/.vscode-server/cli/servers/Stable-89de5a8d4d6205e5b11647eb6a74844ca23d2573/server/out/vs/workbench/api/node/extensionHostProcess.js:153:4129)
	at a.<anonymous> (/root/.vscode-server/cli/servers/Stable-89de5a8d4d6205e5b11647eb6a74844ca23d2573/server/extensions/git/dist/main.js:2:947448)
	at a.dispose (/root/.vscode-server/cli/servers/Stable-89de5a8d4d6205e5b11647eb6a74844ca23d2573/server/out/vs/workbench/api/node/extensionHostProcess.js:153:4129)
	at f (/root/.vscode-server/cli/servers/Stable-89de5a8d4d6205e5b11647eb6a74844ca23d2573/server/out/vs/workbench/api/node/extensionHostProcess.js:30:744)
	at u.eb (/root/.vscode-server/cli/servers/Stable-89de5a8d4d6205e5b11647eb6a74844ca23d2573/server/out/vs/workbench/api/node/extensionHostProcess.js:161:9991)
	at /root/.vscode-server/cli/servers/Stable-89de5a8d4d6205e5b11647eb6a74844ca23d2573/server/out/vs/workbench/api/node/extensionHostProcess.js:161:7867
	at Array.map (<anonymous>)
	at u.$ (/root/.vscode-server/cli/servers/Stable-89de5a8d4d6205e5b11647eb6a74844ca23d2573/server/out/vs/workbench/api/node/extensionHostProcess.js:161:7854)
	at u.terminate (/root/.vscode-server/cli/servers/Stable-89de5a8d4d6205e5b11647eb6a74844ca23d2573/server/out/vs/workbench/api/node/extensionHostProcess.js:161:8127)
	at f.terminate (/root/.vscode-server/cli/servers/Stable-89de5a8d4d6205e5b11647eb6a74844ca23d2573/server/out/vs/workbench/api/node/extensionHostProcess.js:165:1513)
	at t (/root/.vscode-server/cli/servers/Stable-89de5a8d4d6205e5b11647eb6a74844ca23d2573/server/out/vs/workbench/api/node/extensionHostProcess.js:178:10459)
	at M.a (/root/.vscode-server/cli/servers/Stable-89de5a8d4d6205e5b11647eb6a74844ca23d2573/server/out/vs/workbench/api/node/extensionHostProcess.js:178:7151)
	at M.h (/root/.vscode-server/cli/servers/Stable-89de5a8d4d6205e5b11647eb6a74844ca23d2573/server/out/vs/workbench/api/node/extensionHostProcess.js:99:21182)
	at listOnTimeout (node:internal/timers:573:17)
	at process.processTimers (node:internal/timers:514:7) setContext undefined
2024-06-26 09:11:28.573 [info] Extension host with pid 2747 exiting with code 0
