2024-06-27 09:04:28.952 [info] Log level: Info
2024-06-27 09:04:28.952 [info] Validating found git in: "git"
2024-06-27 09:04:28.952 [info] Using git "2.43.0" from "git"
2024-06-27 09:04:28.952 [info] > git rev-parse --show-toplevel [467ms]
2024-06-27 09:04:28.952 [info] fatal: not a git repository (or any of the parent directories): .git
2024-06-27 09:04:28.953 [info] > git rev-parse --show-toplevel [468ms]
2024-06-27 09:04:29.562 [info] > git rev-parse --git-dir --git-common-dir [589ms]
2024-06-27 09:04:29.572 [info] Open repository: /root/kubespray
2024-06-27 09:04:29.835 [info] > git rev-parse --show-toplevel [243ms]
2024-06-27 09:04:29.836 [info] fatal: not a git repository (or any of the parent directories): .git
2024-06-27 09:04:29.836 [info] > git config --get commit.template [246ms]
2024-06-27 09:04:29.874 [info] > git rev-parse --show-toplevel [34ms]
2024-06-27 09:04:29.875 [info] fatal: not a git repository (or any of the parent directories): .git
2024-06-27 09:04:29.887 [info] > git rev-parse --show-toplevel [8ms]
2024-06-27 09:04:29.887 [info] fatal: not a git repository (or any of the parent directories): .git
2024-06-27 09:04:29.906 [info] > git rev-parse --show-toplevel [15ms]
2024-06-27 09:04:29.906 [info] fatal: not a git repository (or any of the parent directories): .git
2024-06-27 09:04:29.911 [info] > git rev-parse --show-toplevel [1ms]
2024-06-27 09:04:29.911 [info] fatal: not a git repository (or any of the parent directories): .git
2024-06-27 09:04:29.916 [info] > git rev-parse --show-toplevel [2ms]
2024-06-27 09:04:29.917 [info] fatal: not a git repository (or any of the parent directories): .git
2024-06-27 09:04:29.937 [info] > git rev-parse --show-toplevel [13ms]
2024-06-27 09:04:29.937 [info] fatal: not a git repository (or any of the parent directories): .git
2024-06-27 09:04:29.942 [info] > git rev-parse --show-toplevel [3ms]
2024-06-27 09:04:29.942 [info] fatal: not a git repository (or any of the parent directories): .git
2024-06-27 09:04:29.970 [info] > git rev-parse --show-toplevel [23ms]
2024-06-27 09:04:29.970 [info] fatal: not a git repository (or any of the parent directories): .git
2024-06-27 09:04:30.001 [info] > git rev-parse --show-toplevel [25ms]
2024-06-27 09:04:30.106 [info] > git rev-parse --git-dir --git-common-dir [64ms]
2024-06-27 09:04:30.119 [info] Open repository: /root/rook
2024-06-27 09:04:30.185 [info] > git check-ignore -v -z --stdin [48ms]
2024-06-27 09:04:30.197 [info] > git rev-parse --show-toplevel [20ms]
2024-06-27 09:04:30.197 [info] fatal: not a git repository (or any of the parent directories): .git
2024-06-27 09:04:30.208 [info] > git config --get commit.template [57ms]
2024-06-27 09:04:30.478 [info] > git for-each-ref --format %(refname) %(objectname) %(*objectname) refs/tags [608ms]
2024-06-27 09:04:30.919 [info] > git check-ignore -v -z --stdin [183ms]
2024-06-27 09:04:30.989 [info] > git ls-files --stage -- /root/kubespray/inventory/mycluster/hosts.yaml [21ms]
2024-06-27 09:04:31.042 [info] > git show --textconv :inventory/mycluster/hosts.yaml [77ms]
2024-06-27 09:04:31.348 [info] > git for-each-ref --format %(refname) %(objectname) %(*objectname) refs/tags [1102ms]
2024-06-27 09:04:33.681 [info] > git status -z -uall [3166ms]
2024-06-27 09:04:33.733 [info] > git config --get commit.template [17ms]
2024-06-27 09:04:33.733 [info] > git for-each-ref --format %(refname) %(objectname) %(*objectname) refs/tags [5ms]
2024-06-27 09:04:33.860 [info] > git status -z -uall [2507ms]
2024-06-27 09:04:33.890 [info] > git config --get commit.template [22ms]
2024-06-27 09:04:33.898 [info] > git for-each-ref --format %(refname) %(objectname) %(*objectname) refs/tags [2ms]
2024-06-27 09:04:33.913 [info] > git status -z -uall [166ms]
2024-06-27 09:04:33.987 [info] > git status -z -uall [87ms]
2024-06-27 09:04:40.277 [info] > git check-ignore -v -z --stdin [5ms]
2024-06-27 09:04:45.322 [info] > git check-ignore -v -z --stdin [4ms]
2024-06-27 09:04:46.861 [info] > git check-ignore -v -z --stdin [4ms]
2024-06-27 09:04:59.933 [info] > git check-ignore -v -z --stdin [7ms]
2024-06-27 09:05:13.371 [info] > git rev-parse --show-toplevel [2ms]
2024-06-27 09:05:13.371 [info] fatal: not a git repository (or any of the parent directories): .git
2024-06-27 09:05:18.632 [info] > git check-ignore -v -z --stdin [5ms]
2024-06-27 09:05:19.665 [info] > git check-ignore -v -z --stdin [7ms]
2024-06-27 09:05:24.618 [info] > git check-ignore -v -z --stdin [3ms]
2024-06-27 09:05:29.237 [info] > git check-ignore -v -z --stdin [6ms]
2024-06-27 09:06:18.221 [info] > git rev-parse --show-toplevel [31ms]
2024-06-27 09:06:18.221 [info] fatal: not a git repository (or any of the parent directories): .git
2024-06-27 09:06:18.233 [info] > git rev-parse --show-toplevel [2ms]
2024-06-27 09:06:18.234 [info] fatal: not a git repository (or any of the parent directories): .git
2024-06-27 09:06:20.835 [info] > git rev-parse --show-toplevel [2ms]
2024-06-27 09:06:20.835 [info] fatal: not a git repository (or any of the parent directories): .git
2024-06-27 09:26:07.571 [info] > git rev-parse --show-toplevel [16ms]
2024-06-27 09:26:07.571 [info] fatal: not a git repository (or any of the parent directories): .git
2024-06-27 09:26:07.578 [info] > git rev-parse --show-toplevel [4ms]
2024-06-27 09:26:07.578 [info] fatal: not a git repository (or any of the parent directories): .git
2024-06-27 09:26:08.066 [info] > git check-ignore -v -z --stdin [8ms]
2024-06-27 09:26:14.920 [info] > git rev-parse --show-toplevel [3ms]
2024-06-27 09:26:14.920 [info] fatal: not a git repository (or any of the parent directories): .git
2024-06-27 09:27:09.352 [info] > git add -A -- . [129ms]
2024-06-27 09:27:09.378 [info] > git -c user.useConfigOnly=true commit --quiet [19ms]
2024-06-27 09:27:09.378 [info] Author identity unknown

*** Please tell me who you are.

Run

  git config --global user.email "you@example.com"
  git config --global user.name "Your Name"

to set your account's default identity.
Omit --global to set the identity only in this repository.

fatal: no email was given and auto-detection is disabled
2024-06-27 09:27:09.384 [info] > git config --get-all user.name [2ms]
2024-06-27 09:27:09.389 [info] > git config --get commit.template [2ms]
2024-06-27 09:27:09.394 [info] > git for-each-ref --format %(refname) %(objectname) %(*objectname) refs/tags [3ms]
2024-06-27 09:27:09.407 [info] > git status -z -uall [8ms]
2024-06-27 09:27:13.655 [info] > git config --get commit.template [6ms]
2024-06-27 09:27:13.656 [info] > git for-each-ref --format %(refname) %(objectname) %(*objectname) refs/tags [3ms]
2024-06-27 09:27:13.663 [info] > git status -z -uall [4ms]
2024-06-27 09:31:42.285 [info] > git -c user.useConfigOnly=true commit --quiet --allow-empty-message --file - [12ms]
2024-06-27 09:31:42.285 [info] Author identity unknown

*** Please tell me who you are.

Run

  git config --global user.email "you@example.com"
  git config --global user.name "Your Name"

to set your account's default identity.
Omit --global to set the identity only in this repository.

fatal: no email was given and auto-detection is disabled
2024-06-27 09:31:42.288 [info] > git config --get-all user.name [1ms]
2024-06-27 09:31:42.302 [info] > git config --get commit.template [7ms]
2024-06-27 09:31:42.308 [info] > git for-each-ref --format %(refname) %(objectname) %(*objectname) refs/tags [6ms]
2024-06-27 09:31:42.313 [info] > git status -z -uall [4ms]
2024-06-27 09:33:59.530 [info] > git rev-parse --show-toplevel [2ms]
2024-06-27 09:33:59.536 [info] > git rev-parse --git-dir --git-common-dir [4ms]
2024-06-27 09:33:59.539 [info] Open repository: /root/git
2024-06-27 09:33:59.542 [info] > git config --get commit.template [1ms]
2024-06-27 09:33:59.553 [info] No remotes found in the git config file.
2024-06-27 09:33:59.555 [info] > git for-each-ref --format=%(refname)%00%(upstream:short)%00%(objectname)%00%(upstream:track)%00%(upstream:remotename)%00%(upstream:remoteref) refs/heads/master refs/remotes/master [2ms]
2024-06-27 09:33:59.556 [warning] No such branch: master.
2024-06-27 09:33:59.559 [info] > git status -z -uall [1ms]
2024-06-27 09:33:59.566 [info] > git config --get commit.template [2ms]
2024-06-27 09:33:59.566 [info] No remotes found in the git config file.
2024-06-27 09:33:59.567 [info] > git for-each-ref --format=%(refname)%00%(upstream:short)%00%(objectname)%00%(upstream:track)%00%(upstream:remotename)%00%(upstream:remoteref) refs/heads/master refs/remotes/master [1ms]
2024-06-27 09:33:59.568 [warning] No such branch: master.
2024-06-27 09:33:59.572 [info] > git status -z -uall [2ms]
2024-06-27 09:33:59.633 [info] > git rev-parse --show-toplevel [4ms]
2024-06-27 09:33:59.633 [info] fatal: not a git repository (or any of the parent directories): .git
2024-06-27 09:34:00.119 [info] > git check-ignore -v -z --stdin [5ms]
2024-06-27 09:34:00.718 [info] No remotes found in the git config file.
2024-06-27 09:34:00.719 [info] > git config --get commit.template [4ms]
2024-06-27 09:34:00.721 [info] > git for-each-ref --format=%(refname)%00%(upstream:short)%00%(objectname)%00%(upstream:track)%00%(upstream:remotename)%00%(upstream:remoteref) refs/heads/master refs/remotes/master [3ms]
2024-06-27 09:34:00.721 [warning] No such branch: master.
2024-06-27 09:34:00.727 [info] > git status -z -uall [2ms]
2024-06-27 09:35:37.890 [info] > git config --get commit.template [12ms]
2024-06-27 09:35:37.890 [info] No remotes found in the git config file.
2024-06-27 09:35:37.892 [info] > git for-each-ref --format=%(refname)%00%(upstream:short)%00%(objectname)%00%(upstream:track)%00%(upstream:remotename)%00%(upstream:remoteref) refs/heads/master refs/remotes/master [4ms]
2024-06-27 09:35:37.893 [warning] No such branch: master.
2024-06-27 09:35:37.902 [info] > git status -z -uall [3ms]
2024-06-27 10:06:28.127 [info] > git config --get commit.template [4ms]
2024-06-27 10:06:28.133 [info] No remotes found in the git config file.
2024-06-27 10:06:28.139 [info] > git for-each-ref --format=%(refname)%00%(upstream:short)%00%(objectname)%00%(upstream:track)%00%(upstream:remotename)%00%(upstream:remoteref) refs/heads/master refs/remotes/master [7ms]
2024-06-27 10:06:28.140 [warning] No such branch: master.
2024-06-27 10:06:28.152 [info] > git status -z -uall [5ms]
2024-06-27 10:07:11.993 [info] No remotes found in the git config file.
2024-06-27 10:07:11.993 [info] > git config --get commit.template [5ms]
2024-06-27 10:07:11.994 [info] > git for-each-ref --format=%(refname)%00%(upstream:short)%00%(objectname)%00%(upstream:track)%00%(upstream:remotename)%00%(upstream:remoteref) refs/heads/master refs/remotes/master [1ms]
2024-06-27 10:07:11.994 [warning] No such branch: master.
2024-06-27 10:07:11.998 [info] > git status -z -uall [1ms]
2024-06-27 10:07:45.377 [info] > git rev-parse --show-toplevel [1ms]
2024-06-27 10:07:45.377 [info] fatal: not a git repository (or any of the parent directories): .git
2024-06-27 10:08:08.608 [info] > git rev-parse --show-toplevel [2ms]
2024-06-27 10:08:08.608 [info] fatal: not a git repository (or any of the parent directories): .git
2024-06-27 10:08:16.886 [info] No remotes found in the git config file.
2024-06-27 10:08:16.887 [info] > git config --get commit.template [7ms]
2024-06-27 10:08:16.887 [info] > git for-each-ref --format=%(refname)%00%(upstream:short)%00%(objectname)%00%(upstream:track)%00%(upstream:remotename)%00%(upstream:remoteref) refs/heads/master refs/remotes/master [1ms]
2024-06-27 10:08:16.887 [warning] No such branch: master.
2024-06-27 10:08:16.893 [info] > git status -z -uall [5ms]
2024-06-27 10:10:29.907 [info] > git config --get commit.template [10ms]
2024-06-27 10:10:29.908 [info] > git for-each-ref --format=%(refname)%00%(upstream:short)%00%(objectname)%00%(upstream:track)%00%(upstream:remotename)%00%(upstream:remoteref) refs/heads/master refs/remotes/master [2ms]
2024-06-27 10:10:29.908 [warning] No such branch: master.
2024-06-27 10:10:29.913 [info] > git status -z -uall [2ms]
2024-06-27 10:11:06.313 [info] > git config --get commit.template [7ms]
2024-06-27 10:11:06.314 [info] > git for-each-ref --format=%(refname)%00%(upstream:short)%00%(objectname)%00%(upstream:track)%00%(upstream:remotename)%00%(upstream:remoteref) refs/heads/main refs/remotes/main [2ms]
2024-06-27 10:11:06.314 [warning] No such branch: main.
2024-06-27 10:11:06.320 [info] > git status -z -uall [3ms]
2024-06-27 10:15:51.207 [info] > git config --get commit.template [7ms]
2024-06-27 10:15:51.208 [info] > git for-each-ref --format=%(refname)%00%(upstream:short)%00%(objectname)%00%(upstream:track)%00%(upstream:remotename)%00%(upstream:remoteref) refs/heads/main refs/remotes/main [2ms]
2024-06-27 10:15:51.208 [warning] No such branch: main.
2024-06-27 10:15:51.210 [info] > git status -z -uall [1ms]
2024-06-27 10:22:42.368 [info] > git rev-parse --show-toplevel [6ms]
2024-06-27 10:22:42.385 [info] > git rev-parse --git-dir --git-common-dir [12ms]
2024-06-27 10:22:42.392 [info] Open repository: /root
2024-06-27 10:22:42.407 [info] > git config --get commit.template [10ms]
2024-06-27 10:22:42.409 [info] No remotes found in the git config file.
2024-06-27 10:22:42.412 [info] > git for-each-ref --format=%(refname)%00%(upstream:short)%00%(objectname)%00%(upstream:track)%00%(upstream:remotename)%00%(upstream:remoteref) refs/heads/master refs/remotes/master [3ms]
2024-06-27 10:22:42.412 [warning] No such branch: master.
2024-06-27 10:22:42.535 [info] > git status -z -uall [121ms] (cancelled)
2024-06-27 10:22:43.025 [info] > git check-ignore -v -z --stdin [2ms]
2024-06-27 10:27:17.824 [warning] ENOENT: no such file or directory, open '/root/git/.git/HEAD'
2024-06-27 10:27:17.836 [warning] getRemotes() - ENOENT: no such file or directory, open '/root/git/.git/config'
2024-06-27 10:27:17.869 [warning] ENOENT: no such file or directory, open '/root/git/.git/HEAD'
2024-06-27 10:27:17.878 [warning] getRemotes() - ENOENT: no such file or directory, open '/root/git/.git/config'
2024-06-27 10:27:18.500 [info] > git check-ignore -v -z --stdin [1ms]
