2024-06-26 09:07:48.714 [info] Extension host with pid 3702 started
2024-06-26 09:07:48.726 [info] Lock '/root/.vscode-server/data/User/workspaceStorage/460ed9af765a2156186ba1e1c1390f6a/vscode.lock': Lock acquired.
2024-06-26 09:07:48.758 [info] ExtensionService#_doActivateExtension vscode.git-base, startup: true, activationEvent: '*', root cause: vscode.git
2024-06-26 09:07:48.784 [info] ExtensionService#_doActivateExtension vscode.git, startup: true, activationEvent: '*'
2024-06-26 09:07:48.784 [info] ExtensionService#_doActivateExtension vscode.github, startup: true, activationEvent: '*'
2024-06-26 09:07:48.943 [info] Eager extensions activated
2024-06-26 09:07:48.943 [info] ExtensionService#_doActivateExtension vscode.debug-auto-launch, startup: false, activationEvent: 'onStartupFinished'
2024-06-26 09:07:48.944 [info] ExtensionService#_doActivateExtension vscode.merge-conflict, startup: false, activationEvent: 'onStartupFinished'
2024-06-26 09:07:49.076 [info] ExtensionService#_doActivateExtension vscode.emmet, startup: false, activationEvent: 'onLanguage'
2024-06-26 09:14:23.805 [info] Extension host terminating: renderer disconnected for too long (2)
2024-06-26 09:14:23.806 [info] Lock '/root/.vscode-server/data/User/workspaceStorage/460ed9af765a2156186ba1e1c1390f6a/vscode.lock': Marking the lockfile as scheduled to be released in 6000 ms.
2024-06-26 09:14:23.823 [error] Canceled: Canceled
	at new A (/root/.vscode-server/cli/servers/Stable-89de5a8d4d6205e5b11647eb6a74844ca23d2573/server/out/vs/workbench/api/node/extensionHostProcess.js:145:50615)
	at E.U (/root/.vscode-server/cli/servers/Stable-89de5a8d4d6205e5b11647eb6a74844ca23d2573/server/out/vs/workbench/api/node/extensionHostProcess.js:152:6007)
	at z.<computed>.M.charCodeAt.R.CharCode.DollarSign.z.<computed> (/root/.vscode-server/cli/servers/Stable-89de5a8d4d6205e5b11647eb6a74844ca23d2573/server/out/vs/workbench/api/node/extensionHostProcess.js:152:3091)
	at h.g (/root/.vscode-server/cli/servers/Stable-89de5a8d4d6205e5b11647eb6a74844ca23d2573/server/out/vs/workbench/api/node/extensionHostProcess.js:155:199935)
	at h.executeCommand (/root/.vscode-server/cli/servers/Stable-89de5a8d4d6205e5b11647eb6a74844ca23d2573/server/out/vs/workbench/api/node/extensionHostProcess.js:155:199373)
	at I.registerCommand.description (/root/.vscode-server/cli/servers/Stable-89de5a8d4d6205e5b11647eb6a74844ca23d2573/server/out/vs/workbench/api/node/extensionHostProcess.js:155:198697)
	at h (/root/.vscode-server/cli/servers/Stable-89de5a8d4d6205e5b11647eb6a74844ca23d2573/server/out/vs/workbench/api/node/extensionHostProcess.js:155:200474)
	at h.g (/root/.vscode-server/cli/servers/Stable-89de5a8d4d6205e5b11647eb6a74844ca23d2573/server/out/vs/workbench/api/node/extensionHostProcess.js:155:199466)
	at h.executeCommand (/root/.vscode-server/cli/servers/Stable-89de5a8d4d6205e5b11647eb6a74844ca23d2573/server/out/vs/workbench/api/node/extensionHostProcess.js:155:199373)
	at Object.executeCommand (/root/.vscode-server/cli/servers/Stable-89de5a8d4d6205e5b11647eb6a74844ca23d2573/server/out/vs/workbench/api/node/extensionHostProcess.js:165:22742)
	at n.O [as value] (/root/.vscode-server/cli/servers/Stable-89de5a8d4d6205e5b11647eb6a74844ca23d2573/server/extensions/git/dist/main.js:2:945191)
	at l.y (/root/.vscode-server/cli/servers/Stable-89de5a8d4d6205e5b11647eb6a74844ca23d2573/server/out/vs/workbench/api/node/extensionHostProcess.js:82:664)
	at l.z (/root/.vscode-server/cli/servers/Stable-89de5a8d4d6205e5b11647eb6a74844ca23d2573/server/out/vs/workbench/api/node/extensionHostProcess.js:82:734)
	at l.fire (/root/.vscode-server/cli/servers/Stable-89de5a8d4d6205e5b11647eb6a74844ca23d2573/server/out/vs/workbench/api/node/extensionHostProcess.js:82:950)
	at Object.p [as dispose] (/root/.vscode-server/cli/servers/Stable-89de5a8d4d6205e5b11647eb6a74844ca23d2573/server/extensions/git/dist/main.js:2:964275)
	at /root/.vscode-server/cli/servers/Stable-89de5a8d4d6205e5b11647eb6a74844ca23d2573/server/extensions/git/dist/main.js:2:970313
	at Array.forEach (<anonymous>)
	at f.dispose (/root/.vscode-server/cli/servers/Stable-89de5a8d4d6205e5b11647eb6a74844ca23d2573/server/extensions/git/dist/main.js:2:970299)
	at a.<anonymous> (/root/.vscode-server/cli/servers/Stable-89de5a8d4d6205e5b11647eb6a74844ca23d2573/server/out/vs/workbench/api/node/extensionHostProcess.js:153:4032)
	at a.dispose (/root/.vscode-server/cli/servers/Stable-89de5a8d4d6205e5b11647eb6a74844ca23d2573/server/out/vs/workbench/api/node/extensionHostProcess.js:153:4129)
	at a.<anonymous> (/root/.vscode-server/cli/servers/Stable-89de5a8d4d6205e5b11647eb6a74844ca23d2573/server/extensions/git/dist/main.js:2:947448)
	at a.dispose (/root/.vscode-server/cli/servers/Stable-89de5a8d4d6205e5b11647eb6a74844ca23d2573/server/out/vs/workbench/api/node/extensionHostProcess.js:153:4129)
	at f (/root/.vscode-server/cli/servers/Stable-89de5a8d4d6205e5b11647eb6a74844ca23d2573/server/out/vs/workbench/api/node/extensionHostProcess.js:30:744)
	at u.eb (/root/.vscode-server/cli/servers/Stable-89de5a8d4d6205e5b11647eb6a74844ca23d2573/server/out/vs/workbench/api/node/extensionHostProcess.js:161:9991)
	at /root/.vscode-server/cli/servers/Stable-89de5a8d4d6205e5b11647eb6a74844ca23d2573/server/out/vs/workbench/api/node/extensionHostProcess.js:161:7867
	at Array.map (<anonymous>)
	at u.$ (/root/.vscode-server/cli/servers/Stable-89de5a8d4d6205e5b11647eb6a74844ca23d2573/server/out/vs/workbench/api/node/extensionHostProcess.js:161:7854)
	at u.terminate (/root/.vscode-server/cli/servers/Stable-89de5a8d4d6205e5b11647eb6a74844ca23d2573/server/out/vs/workbench/api/node/extensionHostProcess.js:161:8127)
	at f.terminate (/root/.vscode-server/cli/servers/Stable-89de5a8d4d6205e5b11647eb6a74844ca23d2573/server/out/vs/workbench/api/node/extensionHostProcess.js:165:1513)
	at t (/root/.vscode-server/cli/servers/Stable-89de5a8d4d6205e5b11647eb6a74844ca23d2573/server/out/vs/workbench/api/node/extensionHostProcess.js:178:10459)
	at M.a (/root/.vscode-server/cli/servers/Stable-89de5a8d4d6205e5b11647eb6a74844ca23d2573/server/out/vs/workbench/api/node/extensionHostProcess.js:178:7151)
	at M.h (/root/.vscode-server/cli/servers/Stable-89de5a8d4d6205e5b11647eb6a74844ca23d2573/server/out/vs/workbench/api/node/extensionHostProcess.js:99:21182)
	at listOnTimeout (node:internal/timers:573:17)
	at process.processTimers (node:internal/timers:514:7) setContext undefined
2024-06-26 09:14:23.824 [error] Canceled: Canceled
	at new A (/root/.vscode-server/cli/servers/Stable-89de5a8d4d6205e5b11647eb6a74844ca23d2573/server/out/vs/workbench/api/node/extensionHostProcess.js:145:50615)
	at E.U (/root/.vscode-server/cli/servers/Stable-89de5a8d4d6205e5b11647eb6a74844ca23d2573/server/out/vs/workbench/api/node/extensionHostProcess.js:152:6007)
	at z.<computed>.M.charCodeAt.R.CharCode.DollarSign.z.<computed> (/root/.vscode-server/cli/servers/Stable-89de5a8d4d6205e5b11647eb6a74844ca23d2573/server/out/vs/workbench/api/node/extensionHostProcess.js:152:3091)
	at h.g (/root/.vscode-server/cli/servers/Stable-89de5a8d4d6205e5b11647eb6a74844ca23d2573/server/out/vs/workbench/api/node/extensionHostProcess.js:155:199935)
	at h.executeCommand (/root/.vscode-server/cli/servers/Stable-89de5a8d4d6205e5b11647eb6a74844ca23d2573/server/out/vs/workbench/api/node/extensionHostProcess.js:155:199373)
	at I.registerCommand.description (/root/.vscode-server/cli/servers/Stable-89de5a8d4d6205e5b11647eb6a74844ca23d2573/server/out/vs/workbench/api/node/extensionHostProcess.js:155:198697)
	at h (/root/.vscode-server/cli/servers/Stable-89de5a8d4d6205e5b11647eb6a74844ca23d2573/server/out/vs/workbench/api/node/extensionHostProcess.js:155:200474)
	at h.g (/root/.vscode-server/cli/servers/Stable-89de5a8d4d6205e5b11647eb6a74844ca23d2573/server/out/vs/workbench/api/node/extensionHostProcess.js:155:199466)
	at h.executeCommand (/root/.vscode-server/cli/servers/Stable-89de5a8d4d6205e5b11647eb6a74844ca23d2573/server/out/vs/workbench/api/node/extensionHostProcess.js:155:199373)
	at Object.executeCommand (/root/.vscode-server/cli/servers/Stable-89de5a8d4d6205e5b11647eb6a74844ca23d2573/server/out/vs/workbench/api/node/extensionHostProcess.js:165:22742)
	at set hasGitHubRepositories [as hasGitHubRepositories] (/root/.vscode-server/cli/servers/Stable-89de5a8d4d6205e5b11647eb6a74844ca23d2573/server/extensions/github/dist/extension.js:2:322969)
	at /root/.vscode-server/cli/servers/Stable-89de5a8d4d6205e5b11647eb6a74844ca23d2573/server/extensions/github/dist/extension.js:2:323928
	at n.value (/root/.vscode-server/cli/servers/Stable-89de5a8d4d6205e5b11647eb6a74844ca23d2573/server/extensions/git/dist/main.js:2:1050764)
	at l.y (/root/.vscode-server/cli/servers/Stable-89de5a8d4d6205e5b11647eb6a74844ca23d2573/server/out/vs/workbench/api/node/extensionHostProcess.js:82:664)
	at l.z (/root/.vscode-server/cli/servers/Stable-89de5a8d4d6205e5b11647eb6a74844ca23d2573/server/out/vs/workbench/api/node/extensionHostProcess.js:82:734)
	at l.fire (/root/.vscode-server/cli/servers/Stable-89de5a8d4d6205e5b11647eb6a74844ca23d2573/server/out/vs/workbench/api/node/extensionHostProcess.js:82:950)
	at Object.p [as dispose] (/root/.vscode-server/cli/servers/Stable-89de5a8d4d6205e5b11647eb6a74844ca23d2573/server/extensions/git/dist/main.js:2:964275)
	at /root/.vscode-server/cli/servers/Stable-89de5a8d4d6205e5b11647eb6a74844ca23d2573/server/extensions/git/dist/main.js:2:970313
	at Array.forEach (<anonymous>)
	at f.dispose (/root/.vscode-server/cli/servers/Stable-89de5a8d4d6205e5b11647eb6a74844ca23d2573/server/extensions/git/dist/main.js:2:970299)
	at a.<anonymous> (/root/.vscode-server/cli/servers/Stable-89de5a8d4d6205e5b11647eb6a74844ca23d2573/server/out/vs/workbench/api/node/extensionHostProcess.js:153:4032)
	at a.dispose (/root/.vscode-server/cli/servers/Stable-89de5a8d4d6205e5b11647eb6a74844ca23d2573/server/out/vs/workbench/api/node/extensionHostProcess.js:153:4129)
	at a.<anonymous> (/root/.vscode-server/cli/servers/Stable-89de5a8d4d6205e5b11647eb6a74844ca23d2573/server/extensions/git/dist/main.js:2:947448)
	at a.dispose (/root/.vscode-server/cli/servers/Stable-89de5a8d4d6205e5b11647eb6a74844ca23d2573/server/out/vs/workbench/api/node/extensionHostProcess.js:153:4129)
	at f (/root/.vscode-server/cli/servers/Stable-89de5a8d4d6205e5b11647eb6a74844ca23d2573/server/out/vs/workbench/api/node/extensionHostProcess.js:30:744)
	at u.eb (/root/.vscode-server/cli/servers/Stable-89de5a8d4d6205e5b11647eb6a74844ca23d2573/server/out/vs/workbench/api/node/extensionHostProcess.js:161:9991)
	at /root/.vscode-server/cli/servers/Stable-89de5a8d4d6205e5b11647eb6a74844ca23d2573/server/out/vs/workbench/api/node/extensionHostProcess.js:161:7867
	at Array.map (<anonymous>)
	at u.$ (/root/.vscode-server/cli/servers/Stable-89de5a8d4d6205e5b11647eb6a74844ca23d2573/server/out/vs/workbench/api/node/extensionHostProcess.js:161:7854)
	at u.terminate (/root/.vscode-server/cli/servers/Stable-89de5a8d4d6205e5b11647eb6a74844ca23d2573/server/out/vs/workbench/api/node/extensionHostProcess.js:161:8127)
	at f.terminate (/root/.vscode-server/cli/servers/Stable-89de5a8d4d6205e5b11647eb6a74844ca23d2573/server/out/vs/workbench/api/node/extensionHostProcess.js:165:1513)
	at t (/root/.vscode-server/cli/servers/Stable-89de5a8d4d6205e5b11647eb6a74844ca23d2573/server/out/vs/workbench/api/node/extensionHostProcess.js:178:10459)
	at M.a (/root/.vscode-server/cli/servers/Stable-89de5a8d4d6205e5b11647eb6a74844ca23d2573/server/out/vs/workbench/api/node/extensionHostProcess.js:178:7151)
	at M.h (/root/.vscode-server/cli/servers/Stable-89de5a8d4d6205e5b11647eb6a74844ca23d2573/server/out/vs/workbench/api/node/extensionHostProcess.js:99:21182)
	at listOnTimeout (node:internal/timers:573:17)
	at process.processTimers (node:internal/timers:514:7) setContext undefined
2024-06-26 09:14:23.825 [info] Extension host with pid 3702 exiting with code 0
