2024-06-26 09:03:07.805 [info] Log level: Info
2024-06-26 09:03:07.805 [info] Validating found git in: "git"
2024-06-26 09:03:07.805 [info] Using git "2.43.0" from "git"
2024-06-26 09:03:07.816 [info] > git rev-parse --show-toplevel [14ms]
2024-06-26 09:03:07.819 [info] > git rev-parse --git-dir --git-common-dir [1ms]
2024-06-26 09:03:07.827 [info] Open repository: /root/kubespray
2024-06-26 09:03:07.833 [info] > git config --get commit.template [3ms]
2024-06-26 09:03:07.834 [info] > git rev-parse --show-toplevel [2ms]
2024-06-26 09:03:07.837 [info] > git rev-parse --show-toplevel [1ms]
2024-06-26 09:03:07.839 [info] > git rev-parse --show-toplevel [1ms]
2024-06-26 09:03:07.841 [info] > git rev-parse --show-toplevel [0ms]
2024-06-26 09:03:07.842 [info] > git rev-parse --show-toplevel [0ms]
2024-06-26 09:03:07.844 [info] > git rev-parse --show-toplevel [1ms]
2024-06-26 09:03:07.851 [info] > git rev-parse --show-toplevel [2ms]
2024-06-26 09:03:07.854 [info] > git rev-parse --show-toplevel [2ms]
2024-06-26 09:03:07.859 [info] > git rev-parse --show-toplevel [2ms]
2024-06-26 09:03:07.866 [info] > git rev-parse --show-toplevel [1ms]
2024-06-26 09:03:07.895 [info] > git rev-parse --show-toplevel [24ms]
2024-06-26 09:03:07.909 [info] > git rev-parse --show-toplevel [11ms]
2024-06-26 09:03:07.912 [info] > git rev-parse --show-toplevel [1ms]
2024-06-26 09:03:07.915 [info] > git rev-parse --show-toplevel [1ms]
2024-06-26 09:03:07.918 [info] > git rev-parse --show-toplevel [1ms]
2024-06-26 09:03:07.972 [info] > git for-each-ref --format %(refname) %(objectname) %(*objectname) refs/tags [136ms]
2024-06-26 09:03:08.393 [info] > git check-ignore -v -z --stdin [6ms]
2024-06-26 09:03:08.834 [info] > git status -z -uall [860ms]
2024-06-26 09:03:08.844 [info] > git config --get commit.template [3ms]
2024-06-26 09:03:08.846 [info] > git for-each-ref --format %(refname) %(objectname) %(*objectname) refs/tags [2ms]
2024-06-26 09:03:08.880 [info] > git status -z -uall [33ms]
2024-06-26 09:03:09.306 [info] > git check-ignore -v -z --stdin [113ms]
2024-06-26 09:04:49.945 [info] > git show --textconv :extra_playbooks/roles/kubernetes-apps/ingress_controller/ingress_nginx/templates/role-admission-webhook.yml.j2 [12ms]
2024-06-26 09:04:49.946 [info] > git ls-files --stage -- /root/kubespray/extra_playbooks/roles/kubernetes-apps/ingress_controller/ingress_nginx/templates/role-admission-webhook.yml.j2 [10ms]
2024-06-26 09:04:50.307 [info] > git check-ignore -v -z --stdin [5ms]
2024-06-26 09:05:00.347 [info] > git check-ignore -v -z --stdin [7ms]
2024-06-26 09:06:08.711 [info] > git check-ignore -v -z --stdin [4ms]
